=== 收盘汇报 2026-04-13 12:43:41 ===
# 猎手模拟交易持仓报告
**更新时间**: 2026-04-13 12:43 | **数据日期**: 2026-04-10 | **模拟总资产**: ¥109,994.40

---

## 账户概览

| 项目 | 数值 |
|------|------|
| 模拟总资产 | ¥109,994.40 |
| 现金余额 | ¥100,000.00 |
| 持仓市值 | ¥9,994.40 |
| 当前总盈亏 | ¥0.00 (+0.00%) |
| 持仓数量 | 1只 |

---

## 持仓明细

### 🟢 科大讯飞(002230)

| 项目 | 数值 |
|------|------|
| 持仓成本 | ¥47.64 |
| 当前价 | ¥47.64 |
| 持仓数量 | 210股 |
| 买入日期 | 2026-04-13 |
| **浮盈亏** | ¥0.00 (+0.00%) |
| 止损价 | ¥44.3 (7%) |
| 止盈价 | ¥54.78 (15%) |
| 距止损 | +7.5% |
| 距止盈 | +15.0% |

---

## 信号检查

✅ 暂无触发止损止盈信号，继续持有

---

## 交易历史

- [2026-04-13 12:39] 🟢 买入 **科大讯飞** 210股 @47.64

---
*本报告仅供参考，不构成投资建议。*
报告已生成并加入待发送: /root/.openclaw/workspace/pending-summaries/portfolio-report-2026-04-13.md
完成 Mon Apr 13 12:43:43 PM CST 2026
=== 下午开盘报 2026-04-13 13:00:01 ===
# 【下午开盘报】猎手模拟交易持仓汇报
**更新时间**: 2026-04-13 13:00 | **行情时间**: 20260413125909 -0.05 | **模拟总资产**: ¥109,994.40

---

## 账户概览

| 项目 | 数值 |
|------|------|
| 模拟总资产 | ¥109,994.40 |
| 现金余额 | ¥100,000.00 |
| 持仓市值 | ¥9,994.40 |
| 当前总盈亏 | ¥-10.50 (-0.01%) |
| 持仓数量 | 1只 |

---

## 持仓明细

### 🔴 科大讯飞(002230)
**实时价**: ¥47.59 (-0.05 -0.10%) | 今开: ¥47.23 | 最高: ¥47.92 | 最低: ¥47.06

| 项目 | 数值 |
|------|------|
| 持仓成本 | ¥47.64 |
| 当前价 | ¥47.59 |
| 持仓数量 | 210股 |
| 买入日期 | 2026-04-13 |
| **浮盈亏** | ¥-10.50 (-0.10%) |
| 止损价 | ¥44.3 (-7%) |
| 止盈价 | ¥54.78 (+15%) |
| 距止损 | +7.4% |
| 距止盈 | +15.1% |

---

## 信号检测

✅ 暂无触发止损止盈信号，继续持有。

---

## 交易历史

- [2026-04-13 12:39] 🟢 买入 **科大讯飞** 210股 @47.64

---
*本报告仅供参考，不构成投资建议。*
下午开盘报 已加入待发送: /root/.openclaw/workspace/pending-summaries/portfolio-2026-04-13-下午开盘报.md
=== 下午2点报 2026-04-13 14:00:01 ===
# 【下午2点报】猎手模拟交易持仓汇报
**更新时间**: 2026-04-13 14:00 | **行情时间**: 20260413135957 0.07 | **模拟总资产**: ¥109,994.40

---

## 账户概览

| 项目 | 数值 |
|------|------|
| 模拟总资产 | ¥109,994.40 |
| 现金余额 | ¥100,000.00 |
| 持仓市值 | ¥9,994.40 |
| 当前总盈亏 | ¥14.70 (+0.01%) |
| 持仓数量 | 1只 |

---

## 持仓明细

### 🟢 科大讯飞(002230)
**实时价**: ¥47.71 (+0.07 +0.15%) | 今开: ¥47.23 | 最高: ¥47.92 | 最低: ¥47.06

| 项目 | 数值 |
|------|------|
| 持仓成本 | ¥47.64 |
| 当前价 | ¥47.71 |
| 持仓数量 | 210股 |
| 买入日期 | 2026-04-13 |
| **浮盈亏** | ¥14.70 (+0.15%) |
| 止损价 | ¥44.3 (-7%) |
| 止盈价 | ¥54.78 (+15%) |
| 距止损 | +7.7% |
| 距止盈 | +14.8% |

---

## 信号检测

✅ 暂无触发止损止盈信号，继续持有。

---

## 交易历史

- [2026-04-13 12:39] 🟢 买入 **科大讯飞** 210股 @47.64

---
*本报告仅供参考，不构成投资建议。*
下午2点报 已加入待发送: /root/.openclaw/workspace/pending-summaries/portfolio-2026-04-13-下午2点报.md
=== 下午2点半报 2026-04-13 14:30:01 ===
# 【下午2点半报】猎手模拟交易持仓汇报
**更新时间**: 2026-04-13 14:30 | **行情时间**: 20260413143000 0.11 | **模拟总资产**: ¥109,994.40

---

## 账户概览

| 项目 | 数值 |
|------|------|
| 模拟总资产 | ¥109,994.40 |
| 现金余额 | ¥100,000.00 |
| 持仓市值 | ¥9,994.40 |
| 当前总盈亏 | ¥23.10 (+0.02%) |
| 持仓数量 | 1只 |

---

## 持仓明细

### 🟢 科大讯飞(002230)
**实时价**: ¥47.75 (+0.11 +0.23%) | 今开: ¥47.23 | 最高: ¥47.92 | 最低: ¥47.06

| 项目 | 数值 |
|------|------|
| 持仓成本 | ¥47.64 |
| 当前价 | ¥47.75 |
| 持仓数量 | 210股 |
| 买入日期 | 2026-04-13 |
| **浮盈亏** | ¥23.10 (+0.23%) |
| 止损价 | ¥44.3 (-7%) |
| 止盈价 | ¥54.78 (+15%) |
| 距止损 | +7.8% |
| 距止盈 | +14.7% |

---

## 信号检测

✅ 暂无触发止损止盈信号，继续持有。

---

## 交易历史

- [2026-04-13 12:39] 🟢 买入 **科大讯飞** 210股 @47.64

---
*本报告仅供参考，不构成投资建议。*
下午2点半报 已加入待发送: /root/.openclaw/workspace/pending-summaries/portfolio-2026-04-13-下午2点半报.md
=== 收盘前撤退检查 2026-04-13 14:55:01 ===
# 【收盘前撤退检查】猎手模拟交易持仓汇报
**更新时间**: 2026-04-13 14:55 | **行情时间**: 20260413145457 0.11 | **模拟总资产**: ¥109,994.40

---

## 账户概览

| 项目 | 数值 |
|------|------|
| 模拟总资产 | ¥109,994.40 |
| 现金余额 | ¥100,000.00 |
| 持仓市值 | ¥9,994.40 |
| 当前总盈亏 | ¥23.10 (+0.02%) |
| 持仓数量 | 1只 |

---

## 持仓明细

### 🟢 科大讯飞(002230)
**实时价**: ¥47.75 (+0.11 +0.23%) | 今开: ¥47.23 | 最高: ¥47.92 | 最低: ¥47.06

| 项目 | 数值 |
|------|------|
| 持仓成本 | ¥47.64 |
| 当前价 | ¥47.75 |
| 持仓数量 | 210股 |
| 买入日期 | 2026-04-13 |
| **浮盈亏** | ¥23.10 (+0.23%) |
| 止损价 | ¥44.3 (-7%) |
| 止盈价 | ¥54.78 (+15%) |
| 距止损 | +7.8% |
| 距止盈 | +14.7% |

---

## 信号检测

✅ 暂无触发止损止盈信号，继续持有。

---

## 交易历史

- [2026-04-13 12:39] 🟢 买入 **科大讯飞** 210股 @47.64

---
*本报告仅供参考，不构成投资建议。*
收盘前撤退检查 已加入待发送: /root/.openclaw/workspace/pending-summaries/portfolio-2026-04-13-收盘前撤退检查.md
=== 收盘报 2026-04-13 15:05:01 ===
# 【收盘报】猎手模拟交易持仓汇报
**更新时间**: 2026-04-13 15:05 | **行情时间**: 20260413150409 0.14 | **模拟总资产**: ¥109,994.40

---

## 账户概览

| 项目 | 数值 |
|------|------|
| 模拟总资产 | ¥109,994.40 |
| 现金余额 | ¥100,000.00 |
| 持仓市值 | ¥9,994.40 |
| 当前总盈亏 | ¥29.40 (+0.03%) |
| 持仓数量 | 1只 |

---

## 持仓明细

### 🟢 科大讯飞(002230)
**实时价**: ¥47.78 (+0.14 +0.29%) | 今开: ¥47.23 | 最高: ¥47.92 | 最低: ¥47.06

| 项目 | 数值 |
|------|------|
| 持仓成本 | ¥47.64 |
| 当前价 | ¥47.78 |
| 持仓数量 | 210股 |
| 买入日期 | 2026-04-13 |
| **浮盈亏** | ¥29.40 (+0.29%) |
| 止损价 | ¥44.3 (-7%) |
| 止盈价 | ¥54.78 (+15%) |
| 距止损 | +7.9% |
| 距止盈 | +14.7% |

---

## 信号检测

✅ 暂无触发止损止盈信号，继续持有。

---

## 交易历史

- [2026-04-13 12:39] 🟢 买入 **科大讯飞** 210股 @47.64

---
*本报告仅供参考，不构成投资建议。*
收盘报 已加入待发送: /root/.openclaw/workspace/pending-summaries/portfolio-2026-04-13-收盘报.md
=== 持仓报 2026-04-13 21:00:01 ===
# 【持仓报】猎手模拟交易持仓汇报
**更新时间**: 2026-04-13 21:00 | **行情时间**: 20260413161409 0.14 | **模拟总资产**: ¥109,994.40

---

## 账户概览

| 项目 | 数值 |
|------|------|
| 模拟总资产 | ¥109,994.40 |
| 现金余额 | ¥100,000.00 |
| 持仓市值 | ¥9,994.40 |
| 当前总盈亏 | ¥29.40 (+0.03%) |
| 持仓数量 | 1只 |

---

## 持仓明细

### 🟢 科大讯飞(002230)
**实时价**: ¥47.78 (+0.14 +0.29%) | 今开: ¥47.23 | 最高: ¥47.92 | 最低: ¥47.06

| 项目 | 数值 |
|------|------|
| 持仓成本 | ¥47.64 |
| 当前价 | ¥47.78 |
| 持仓数量 | 210股 |
| 买入日期 | 2026-04-13 |
| **浮盈亏** | ¥29.40 (+0.29%) |
| 止损价 | ¥44.3 (-7%) |
| 止盈价 | ¥54.78 (+15%) |
| 距止损 | +7.9% |
| 距止盈 | +14.7% |

---

## 信号检测

✅ 暂无触发止损止盈信号，继续持有。

---

## 交易历史

- [2026-04-13 12:39] 🟢 买入 **科大讯飞** 210股 @47.64

---
*本报告仅供参考，不构成投资建议。*
持仓报 已加入待发送: /root/.openclaw/workspace/pending-summaries/portfolio-2026-04-13-持仓报.md
=== 开盘报 2026-04-14 09:30:01 ===
# 【开盘报】猎手模拟交易持仓汇报
**更新时间**: 2026-04-14 09:30 | **行情时间**: 20260414092912 0.72 | **模拟总资产**: ¥109,994.40

---

## 账户概览

| 项目 | 数值 |
|------|------|
| 模拟总资产 | ¥109,994.40 |
| 现金余额 | ¥100,000.00 |
| 持仓市值 | ¥9,994.40 |
| 当前总盈亏 | ¥180.60 (+0.16%) |
| 持仓数量 | 1只 |

---

## 持仓明细

### 🟢 科大讯飞(002230)
**实时价**: ¥48.5 (+0.72 +1.51%) | 今开: ¥48.5 | 最高: ¥48.5 | 最低: ¥48.5

| 项目 | 数值 |
|------|------|
| 持仓成本 | ¥47.64 |
| 当前价 | ¥48.5 |
| 持仓数量 | 210股 |
| 买入日期 | 2026-04-13 |
| **浮盈亏** | ¥180.60 (+1.81%) |
| 止损价 | ¥44.3 (-7%) |
| 止盈价 | ¥54.78 (+15%) |
| 距止损 | +9.5% |
| 距止盈 | +12.9% |

---

## 信号检测

✅ 暂无触发止损止盈信号，继续持有。

---

## 交易历史

- [2026-04-13 12:39] 🟢 买入 **科大讯飞** 210股 @47.64

---
*本报告仅供参考，不构成投资建议。*
开盘报 已加入待发送: /root/.openclaw/workspace/pending-summaries/portfolio-2026-04-14-开盘报.md
=== 持仓报 2026-04-14 10:00:02 ===
# 【持仓报】猎手模拟交易持仓汇报
**更新时间**: 2026-04-14 10:00 | **行情时间**: 20260414100000 0.74 | **模拟总资产**: ¥109,994.40

---

## 账户概览

| 项目 | 数值 |
|------|------|
| 模拟总资产 | ¥109,994.40 |
| 现金余额 | ¥100,000.00 |
| 持仓市值 | ¥9,994.40 |
| 当前总盈亏 | ¥184.80 (+0.17%) |
| 持仓数量 | 1只 |

---

## 持仓明细

### 🟢 科大讯飞(002230)
**实时价**: ¥48.52 (+0.74 +1.55%) | 今开: ¥48.5 | 最高: ¥48.64 | 最低: ¥48.19

| 项目 | 数值 |
|------|------|
| 持仓成本 | ¥47.64 |
| 当前价 | ¥48.52 |
| 持仓数量 | 210股 |
| 买入日期 | 2026-04-13 |
| **浮盈亏** | ¥184.80 (+1.85%) |
| 止损价 | ¥44.3 (-7%) |
| 止盈价 | ¥54.78 (+15%) |
| 距止损 | +9.5% |
| 距止盈 | +12.9% |

---

## 信号检测

✅ 暂无触发止损止盈信号，继续持有。

---

## 交易历史

- [2026-04-13 12:39] 🟢 买入 **科大讯飞** 210股 @47.64

---
*本报告仅供参考，不构成投资建议。*
持仓报 已加入待发送: /root/.openclaw/workspace/pending-summaries/portfolio-2026-04-14-持仓报.md
=== 持仓报 2026-04-14 10:30:01 ===
# 【持仓报】猎手模拟交易持仓汇报
**更新时间**: 2026-04-14 10:30 | **行情时间**: 20260414102957 0.62 | **模拟总资产**: ¥109,994.40

---

## 账户概览

| 项目 | 数值 |
|------|------|
| 模拟总资产 | ¥109,994.40 |
| 现金余额 | ¥100,000.00 |
| 持仓市值 | ¥9,994.40 |
| 当前总盈亏 | ¥159.60 (+0.15%) |
| 持仓数量 | 1只 |

---

## 持仓明细

### 🟢 科大讯飞(002230)
**实时价**: ¥48.4 (+0.62 +1.30%) | 今开: ¥48.5 | 最高: ¥48.64 | 最低: ¥48.19

| 项目 | 数值 |
|------|------|
| 持仓成本 | ¥47.64 |
| 当前价 | ¥48.4 |
| 持仓数量 | 210股 |
| 买入日期 | 2026-04-13 |
| **浮盈亏** | ¥159.60 (+1.60%) |
| 止损价 | ¥44.3 (-7%) |
| 止盈价 | ¥54.78 (+15%) |
| 距止损 | +9.3% |
| 距止盈 | +13.2% |

---

## 信号检测

✅ 暂无触发止损止盈信号，继续持有。

---

## 交易历史

- [2026-04-13 12:39] 🟢 买入 **科大讯飞** 210股 @47.64

---
*本报告仅供参考，不构成投资建议。*
持仓报 已加入待发送: /root/.openclaw/workspace/pending-summaries/portfolio-2026-04-14-持仓报.md
=== 午盘报 2026-04-14 11:00:01 ===
# 【午盘报】猎手模拟交易持仓汇报
**更新时间**: 2026-04-14 11:00 | **行情时间**: 20260414110000 0.36 | **模拟总资产**: ¥109,994.40

---

## 账户概览

| 项目 | 数值 |
|------|------|
| 模拟总资产 | ¥109,994.40 |
| 现金余额 | ¥100,000.00 |
| 持仓市值 | ¥9,994.40 |
| 当前总盈亏 | ¥105.00 (+0.10%) |
| 持仓数量 | 1只 |

---

## 持仓明细

### 🟢 科大讯飞(002230)
**实时价**: ¥48.14 (+0.36 +0.75%) | 今开: ¥48.5 | 最高: ¥48.64 | 最低: ¥48.12

| 项目 | 数值 |
|------|------|
| 持仓成本 | ¥47.64 |
| 当前价 | ¥48.14 |
| 持仓数量 | 210股 |
| 买入日期 | 2026-04-13 |
| **浮盈亏** | ¥105.00 (+1.05%) |
| 止损价 | ¥44.3 (-7%) |
| 止盈价 | ¥54.78 (+15%) |
| 距止损 | +8.7% |
| 距止盈 | +13.8% |

---

## 信号检测

✅ 暂无触发止损止盈信号，继续持有。

---

## 交易历史

- [2026-04-13 12:39] 🟢 买入 **科大讯飞** 210股 @47.64

---
*本报告仅供参考，不构成投资建议。*
午盘报 已加入待发送: /root/.openclaw/workspace/pending-summaries/portfolio-2026-04-14-午盘报.md
=== 下午开盘报 2026-04-14 13:30:01 ===
# 【下午开盘报】猎手模拟交易持仓汇报
**更新时间**: 2026-04-14 13:30 | **行情时间**: 20260414132957 0.17 | **模拟总资产**: ¥109,994.40

---

## 账户概览

| 项目 | 数值 |
|------|------|
| 模拟总资产 | ¥109,994.40 |
| 现金余额 | ¥100,000.00 |
| 持仓市值 | ¥9,994.40 |
| 当前总盈亏 | ¥65.10 (+0.06%) |
| 持仓数量 | 1只 |

---

## 持仓明细

### 🟢 科大讯飞(002230)
**实时价**: ¥47.95 (+0.17 +0.36%) | 今开: ¥48.5 | 最高: ¥48.64 | 最低: ¥47.89

| 项目 | 数值 |
|------|------|
| 持仓成本 | ¥47.64 |
| 当前价 | ¥47.95 |
| 持仓数量 | 210股 |
| 买入日期 | 2026-04-13 |
| **浮盈亏** | ¥65.10 (+0.65%) |
| 止损价 | ¥44.3 (-7%) |
| 止盈价 | ¥54.78 (+15%) |
| 距止损 | +8.2% |
| 距止盈 | +14.2% |

---

## 信号检测

✅ 暂无触发止损止盈信号，继续持有。

---

## 交易历史

- [2026-04-13 12:39] 🟢 买入 **科大讯飞** 210股 @47.64

---
*本报告仅供参考，不构成投资建议。*
下午开盘报 已加入待发送: /root/.openclaw/workspace/pending-summaries/portfolio-2026-04-14-下午开盘报.md
=== 下午2点报 2026-04-14 14:00:02 ===
# 【下午2点报】猎手模拟交易持仓汇报
**更新时间**: 2026-04-14 14:00 | **行情时间**: 20260414140000 0.20 | **模拟总资产**: ¥109,994.40

---

## 账户概览

| 项目 | 数值 |
|------|------|
| 模拟总资产 | ¥109,994.40 |
| 现金余额 | ¥100,000.00 |
| 持仓市值 | ¥9,994.40 |
| 当前总盈亏 | ¥71.40 (+0.06%) |
| 持仓数量 | 1只 |

---

## 持仓明细

### 🟢 科大讯飞(002230)
**实时价**: ¥47.98 (+0.20 +0.42%) | 今开: ¥48.5 | 最高: ¥48.64 | 最低: ¥47.87

| 项目 | 数值 |
|------|------|
| 持仓成本 | ¥47.64 |
| 当前价 | ¥47.98 |
| 持仓数量 | 210股 |
| 买入日期 | 2026-04-13 |
| **浮盈亏** | ¥71.40 (+0.71%) |
| 止损价 | ¥44.3 (-7%) |
| 止盈价 | ¥54.78 (+15%) |
| 距止损 | +8.3% |
| 距止盈 | +14.2% |

---

## 信号检测

✅ 暂无触发止损止盈信号，继续持有。

---

## 交易历史

- [2026-04-13 12:39] 🟢 买入 **科大讯飞** 210股 @47.64

---
*本报告仅供参考，不构成投资建议。*
下午2点报 已加入待发送: /root/.openclaw/workspace/pending-summaries/portfolio-2026-04-14-下午2点报.md
=== 下午2点半报 2026-04-14 14:30:01 ===
# 【下午2点半报】猎手模拟交易持仓汇报
**更新时间**: 2026-04-14 14:30 | **行情时间**: 20260414143000 0.23 | **模拟总资产**: ¥109,994.40

---

## 账户概览

| 项目 | 数值 |
|------|------|
| 模拟总资产 | ¥109,994.40 |
| 现金余额 | ¥100,000.00 |
| 持仓市值 | ¥9,994.40 |
| 当前总盈亏 | ¥77.70 (+0.07%) |
| 持仓数量 | 1只 |

---

## 持仓明细

### 🟢 科大讯飞(002230)
**实时价**: ¥48.01 (+0.23 +0.48%) | 今开: ¥48.5 | 最高: ¥48.64 | 最低: ¥47.87

| 项目 | 数值 |
|------|------|
| 持仓成本 | ¥47.64 |
| 当前价 | ¥48.01 |
| 持仓数量 | 210股 |
| 买入日期 | 2026-04-13 |
| **浮盈亏** | ¥77.70 (+0.78%) |
| 止损价 | ¥44.3 (-7%) |
| 止盈价 | ¥54.78 (+15%) |
| 距止损 | +8.4% |
| 距止盈 | +14.1% |

---

## 信号检测

✅ 暂无触发止损止盈信号，继续持有。

---

## 交易历史

- [2026-04-13 12:39] 🟢 买入 **科大讯飞** 210股 @47.64

---
*本报告仅供参考，不构成投资建议。*
下午2点半报 已加入待发送: /root/.openclaw/workspace/pending-summaries/portfolio-2026-04-14-下午2点半报.md
