==================================================
猎手系统盘前自检 2026-04-27 09:25:01
==================================================
✅ 信号队列无pending: pending信号 0 条
✅ 待确认目录无过期: 待确认文件 0 个
✅ 持仓数据正常: 现金 70600.0 | 持仓 1 只
✅ 新浪API可用: 正常
✅ 进化缓存正常: 最近缓存 36 个文件
✅ Cron任务完整: 全部正常
✅ 信号校验四重门: 四重门正常
✅ 连续空仓检查: 连续空仓 0 天
✅ 近期失败次数: 近期失败 0 次

📊 自检结果: 9/9 通过
✅ 所有检查通过
==================================================
猎手系统盘前自检 2026-05-13 08:50:01
==================================================
❌ 信号队列无pending: 异常 IsADirectoryError: [Errno 21] Is a directory: '/root/.hermes/猎手模拟交易/信号队列'
✅ 待确认目录无过期: 目录不存在（正常）
✅ 持仓数据正常: 现金 55260.0 | 持仓 0 只
✅ 新浪API可用: 正常
❌ 进化缓存正常: 最近缓存 0 个文件
❌ Cron任务完整: 缺失: 进化系统, 猎手信号, 每日学习
❌ 信号校验四重门: 导入异常 No module named 'signal_writer'
✅ 连续空仓检查: 连续空仓 0 天
✅ 近期失败次数: 近期失败 0 次

📊 自检结果: 5/9 通过
❌ 有 4 项失败，请检查
==================================================
猎手系统盘前自检 2026-05-14 08:50:01
==================================================
❌ 信号队列无pending: 异常 IsADirectoryError: [Errno 21] Is a directory: '/root/.hermes/猎手模拟交易/信号队列'
✅ 待确认目录无过期: 目录不存在（正常）
✅ 持仓数据正常: 现金 42977.0 | 持仓 2 只
✅ 新浪API可用: 正常
❌ 进化缓存正常: 最近缓存 0 个文件
❌ Cron任务完整: 缺失: 进化系统, 猎手信号, 每日学习
❌ 信号校验四重门: 导入异常 No module named 'signal_writer'
✅ 连续空仓检查: 连续空仓 0 天
✅ 近期失败次数: 近期失败 0 次

📊 自检结果: 5/9 通过
❌ 有 4 项失败，请检查
==================================================
猎手系统盘前自检 2026-05-15 08:50:01
==================================================
❌ 信号队列无pending: 异常 IsADirectoryError: [Errno 21] Is a directory: '/root/.hermes/猎手模拟交易/信号队列'
✅ 待确认目录无过期: 目录不存在（正常）
✅ 持仓数据正常: 现金 42977.0 | 持仓 5 只
✅ 新浪API可用: 正常
✅ 进化缓存正常: 最近缓存 18 个文件
❌ Cron任务完整: 缺失: 进化系统, 猎手信号, 每日学习
❌ 信号校验四重门: 导入异常 No module named 'signal_writer'
✅ 连续空仓检查: 连续空仓 0 天
✅ 近期失败次数: 近期失败 0 次

📊 自检结果: 6/9 通过
❌ 有 3 项失败，请检查
==================================================
猎手系统盘前自检 2026-05-18 08:50:01
==================================================
❌ 信号队列无pending: 异常 IsADirectoryError: [Errno 21] Is a directory: '/root/.hermes/猎手模拟交易/信号队列'
✅ 待确认目录无过期: 目录不存在（正常）
✅ 持仓数据正常: 现金 39090.0 | 持仓 3 只
✅ 新浪API可用: 正常
❌ 进化缓存正常: 最近缓存 0 个文件
❌ Cron任务完整: 缺失: 进化系统, 猎手信号, 每日学习
❌ 信号校验四重门: 导入异常 No module named 'signal_writer'
✅ 连续空仓检查: 连续空仓 0 天
✅ 近期失败次数: 近期失败 0 次

📊 自检结果: 5/9 通过
❌ 有 4 项失败，请检查
==================================================
猎手系统盘前自检 2026-05-19 08:50:01
==================================================
❌ 信号队列无pending: 异常 IsADirectoryError: [Errno 21] Is a directory: '/root/.hermes/猎手模拟交易/信号队列'
✅ 待确认目录无过期: 目录不存在（正常）
✅ 持仓数据正常: 现金 39090.0 | 持仓 3 只
✅ 新浪API可用: 正常
❌ 进化缓存正常: 最近缓存 0 个文件
❌ Cron任务完整: 缺失: 进化系统, 猎手信号, 每日学习
❌ 信号校验四重门: 导入异常 No module named 'signal_writer'
✅ 连续空仓检查: 连续空仓 0 天
✅ 近期失败次数: 近期失败 0 次

📊 自检结果: 5/9 通过
❌ 有 4 项失败，请检查
==================================================
猎手系统盘前自检 2026-05-20 08:50:01
==================================================
❌ 信号队列无pending: 信号队列文件不存在
✅ 待确认目录无过期: 目录不存在（正常）
✅ 持仓数据正常: 现金 39090.0 | 持仓 4 只
✅ 新浪API可用: 正常
❌ 进化缓存正常: 最近缓存 0 个文件
❌ Cron任务完整: 缺失: 进化系统, 猎手信号, 每日学习
❌ 信号校验四重门: 导入异常 No module named 'signal_writer'
✅ 连续空仓检查: 连续空仓 0 天
✅ 近期失败次数: 近期失败 0 次

📊 自检结果: 5/9 通过
❌ 有 4 项失败，请检查
==================================================
猎手系统盘前自检 2026-05-21 08:50:01
==================================================
❌ 信号队列无pending: 信号队列文件不存在
✅ 待确认目录无过期: 目录不存在（正常）
✅ 持仓数据正常: 现金 39090.0 | 持仓 4 只
✅ 新浪API可用: 正常
❌ 进化缓存正常: 最近缓存 0 个文件
❌ Cron任务完整: 缺失: 进化系统, 猎手信号, 每日学习
❌ 信号校验四重门: 导入异常 No module named 'signal_writer'
✅ 连续空仓检查: 连续空仓 0 天
✅ 近期失败次数: 近期失败 0 次

📊 自检结果: 5/9 通过
❌ 有 4 项失败，请检查
==================================================
猎手系统盘前自检 2026-05-22 08:50:01
==================================================
❌ 信号队列无pending: 信号队列文件不存在
✅ 待确认目录无过期: 目录不存在（正常）
✅ 持仓数据正常: 现金 41690.0 | 持仓 2 只
✅ 新浪API可用: 正常
❌ 进化缓存正常: 最近缓存 0 个文件
❌ Cron任务完整: 缺失: 进化系统, 猎手信号, 每日学习
❌ 信号校验四重门: 导入异常 No module named 'signal_writer'
✅ 连续空仓检查: 连续空仓 0 天
✅ 近期失败次数: 近期失败 0 次

📊 自检结果: 5/9 通过
❌ 有 4 项失败，请检查
