
=== 2026-04-20 23:12:55.359874 ===
结果: 6/7 通过
✅ 信号队列无pending: pending信号 0 条
✅ 待确认目录无过期: 待确认文件 0 个
✅ 持仓数据正常: 现金 100000 | 持仓 0 只
✅ 新浪API可用: 正常
❌ 进化缓存正常: 最近缓存 0 个文件
✅ Cron任务完整: 全部正常
✅ 信号校验四重门: 四重门正常

=== 2026-04-21 00:06:03.134736 ===
结果: 8/9 通过
✅ 信号队列无pending: pending信号 0 条
✅ 待确认目录无过期: 待确认文件 0 个
✅ 持仓数据正常: 现金 100000 | 持仓 0 只
✅ 新浪API可用: 正常
❌ 进化缓存正常: 最近缓存 0 个文件
✅ Cron任务完整: 全部正常
✅ 信号校验四重门: 四重门正常
✅ 连续空仓检查: 连续空仓 0 天
✅ 近期失败次数: 近期失败 0 次

=== 2026-04-21 17:27:25.629365 ===
结果: 8/9 通过
✅ 信号队列无pending: pending信号 0 条
✅ 待确认目录无过期: 待确认文件 0 个
✅ 持仓数据正常: 现金 100000 | 持仓 0 只
✅ 新浪API可用: 正常
❌ 进化缓存正常: 最近缓存 0 个文件
✅ Cron任务完整: 全部正常
✅ 信号校验四重门: 四重门正常
✅ 连续空仓检查: 连续空仓 0 天
✅ 近期失败次数: 近期失败 0 次

=== 2026-04-21 20:06:42.492872 ===
结果: 8/9 通过
✅ 信号队列无pending: pending信号 0 条
✅ 待确认目录无过期: 待确认文件 0 个
✅ 持仓数据正常: 现金 100000 | 持仓 0 只
✅ 新浪API可用: 正常
❌ 进化缓存正常: 最近缓存 0 个文件
✅ Cron任务完整: 全部正常
✅ 信号校验四重门: 四重门正常
✅ 连续空仓检查: 连续空仓 0 天
✅ 近期失败次数: 近期失败 0 次

=== 2026-04-21 20:31:05.298535 ===
结果: 9/9 通过
✅ 信号队列无pending: pending信号 0 条
✅ 待确认目录无过期: 待确认文件 0 个
✅ 持仓数据正常: 现金 100000 | 持仓 0 只
✅ 新浪API可用: 正常
✅ 进化缓存正常: 最近缓存 1 个文件
✅ Cron任务完整: 全部正常
✅ 信号校验四重门: 四重门正常
✅ 连续空仓检查: 连续空仓 0 天
✅ 近期失败次数: 近期失败 0 次

=== 2026-04-21 21:37:07.019154 ===
结果: 9/9 通过
✅ 信号队列无pending: pending信号 0 条
✅ 待确认目录无过期: 待确认文件 0 个
✅ 持仓数据正常: 现金 100000 | 持仓 0 只
✅ 新浪API可用: 正常
✅ 进化缓存正常: 最近缓存 2 个文件
✅ Cron任务完整: 全部正常
✅ 信号校验四重门: 四重门正常
✅ 连续空仓检查: 连续空仓 0 天
✅ 近期失败次数: 近期失败 0 次

=== 2026-04-21 22:07:15.476132 ===
结果: 9/9 通过
✅ 信号队列无pending: pending信号 0 条
✅ 待确认目录无过期: 待确认文件 0 个
✅ 持仓数据正常: 现金 100000 | 持仓 0 只
✅ 新浪API可用: 正常
✅ 进化缓存正常: 最近缓存 8 个文件
✅ Cron任务完整: 全部正常
✅ 信号校验四重门: 四重门正常
✅ 连续空仓检查: 连续空仓 0 天
✅ 近期失败次数: 近期失败 0 次

=== 2026-04-21 22:37:13.389071 ===
结果: 9/9 通过
✅ 信号队列无pending: pending信号 0 条
✅ 待确认目录无过期: 待确认文件 0 个
✅ 持仓数据正常: 现金 100000 | 持仓 0 只
✅ 新浪API可用: 正常
✅ 进化缓存正常: 最近缓存 8 个文件
✅ Cron任务完整: 全部正常
✅ 信号校验四重门: 四重门正常
✅ 连续空仓检查: 连续空仓 0 天
✅ 近期失败次数: 近期失败 0 次

=== 2026-04-21 23:07:05.715714 ===
结果: 9/9 通过
✅ 信号队列无pending: pending信号 0 条
✅ 待确认目录无过期: 待确认文件 0 个
✅ 持仓数据正常: 现金 100000 | 持仓 0 只
✅ 新浪API可用: 正常
✅ 进化缓存正常: 最近缓存 8 个文件
✅ Cron任务完整: 全部正常
✅ 信号校验四重门: 四重门正常
✅ 连续空仓检查: 连续空仓 0 天
✅ 近期失败次数: 近期失败 0 次

=== 2026-04-21 23:37:11.076033 ===
结果: 9/9 通过
✅ 信号队列无pending: pending信号 0 条
✅ 待确认目录无过期: 待确认文件 0 个
✅ 持仓数据正常: 现金 100000 | 持仓 0 只
✅ 新浪API可用: 正常
✅ 进化缓存正常: 最近缓存 8 个文件
✅ Cron任务完整: 全部正常
✅ 信号校验四重门: 四重门正常
✅ 连续空仓检查: 连续空仓 0 天
✅ 近期失败次数: 近期失败 0 次

=== 2026-04-22 00:07:08.517888 ===
结果: 9/9 通过
✅ 信号队列无pending: pending信号 0 条
✅ 待确认目录无过期: 待确认文件 0 个
✅ 持仓数据正常: 现金 100000 | 持仓 0 只
✅ 新浪API可用: 正常
✅ 进化缓存正常: 最近缓存 8 个文件
✅ Cron任务完整: 全部正常
✅ 信号校验四重门: 四重门正常
✅ 连续空仓检查: 连续空仓 0 天
✅ 近期失败次数: 近期失败 0 次

=== 2026-04-22 00:37:18.010055 ===
结果: 9/9 通过
✅ 信号队列无pending: pending信号 0 条
✅ 待确认目录无过期: 待确认文件 0 个
✅ 持仓数据正常: 现金 100000 | 持仓 0 只
✅ 新浪API可用: 正常
✅ 进化缓存正常: 最近缓存 8 个文件
✅ Cron任务完整: 全部正常
✅ 信号校验四重门: 四重门正常
✅ 连续空仓检查: 连续空仓 0 天
✅ 近期失败次数: 近期失败 0 次

=== 2026-04-22 01:07:10.834719 ===
结果: 9/9 通过
✅ 信号队列无pending: pending信号 0 条
✅ 待确认目录无过期: 待确认文件 0 个
✅ 持仓数据正常: 现金 100000 | 持仓 0 只
✅ 新浪API可用: 正常
✅ 进化缓存正常: 最近缓存 8 个文件
✅ Cron任务完整: 全部正常
✅ 信号校验四重门: 四重门正常
✅ 连续空仓检查: 连续空仓 0 天
✅ 近期失败次数: 近期失败 0 次

=== 2026-04-22 01:37:16.589582 ===
结果: 9/9 通过
✅ 信号队列无pending: pending信号 0 条
✅ 待确认目录无过期: 待确认文件 0 个
✅ 持仓数据正常: 现金 100000 | 持仓 0 只
✅ 新浪API可用: 正常
✅ 进化缓存正常: 最近缓存 8 个文件
✅ Cron任务完整: 全部正常
✅ 信号校验四重门: 四重门正常
✅ 连续空仓检查: 连续空仓 0 天
✅ 近期失败次数: 近期失败 0 次

=== 2026-04-22 02:07:03.875778 ===
结果: 9/9 通过
✅ 信号队列无pending: pending信号 0 条
✅ 待确认目录无过期: 待确认文件 0 个
✅ 持仓数据正常: 现金 100000 | 持仓 0 只
✅ 新浪API可用: 正常
✅ 进化缓存正常: 最近缓存 8 个文件
✅ Cron任务完整: 全部正常
✅ 信号校验四重门: 四重门正常
✅ 连续空仓检查: 连续空仓 0 天
✅ 近期失败次数: 近期失败 0 次

=== 2026-04-22 03:10:37.042297 ===
结果: 9/9 通过
✅ 信号队列无pending: pending信号 0 条
✅ 待确认目录无过期: 待确认文件 0 个
✅ 持仓数据正常: 现金 100000 | 持仓 0 只
✅ 新浪API可用: 正常
✅ 进化缓存正常: 最近缓存 8 个文件
✅ Cron任务完整: 全部正常
✅ 信号校验四重门: 四重门正常
✅ 连续空仓检查: 连续空仓 0 天
✅ 近期失败次数: 近期失败 0 次

=== 2026-04-22 03:37:04.986136 ===
结果: 9/9 通过
✅ 信号队列无pending: pending信号 0 条
✅ 待确认目录无过期: 待确认文件 0 个
✅ 持仓数据正常: 现金 100000 | 持仓 0 只
✅ 新浪API可用: 正常
✅ 进化缓存正常: 最近缓存 8 个文件
✅ Cron任务完整: 全部正常
✅ 信号校验四重门: 四重门正常
✅ 连续空仓检查: 连续空仓 0 天
✅ 近期失败次数: 近期失败 0 次

=== 2026-04-22 04:07:08.522967 ===
结果: 9/9 通过
✅ 信号队列无pending: pending信号 0 条
✅ 待确认目录无过期: 待确认文件 0 个
✅ 持仓数据正常: 现金 100000 | 持仓 0 只
✅ 新浪API可用: 正常
✅ 进化缓存正常: 最近缓存 8 个文件
✅ Cron任务完整: 全部正常
✅ 信号校验四重门: 四重门正常
✅ 连续空仓检查: 连续空仓 0 天
✅ 近期失败次数: 近期失败 0 次

=== 2026-04-22 04:37:00.175482 ===
结果: 9/9 通过
✅ 信号队列无pending: pending信号 0 条
✅ 待确认目录无过期: 待确认文件 0 个
✅ 持仓数据正常: 现金 100000 | 持仓 0 只
✅ 新浪API可用: 正常
✅ 进化缓存正常: 最近缓存 8 个文件
✅ Cron任务完整: 全部正常
✅ 信号校验四重门: 四重门正常
✅ 连续空仓检查: 连续空仓 0 天
✅ 近期失败次数: 近期失败 0 次

=== 2026-04-22 05:06:55.783986 ===
结果: 9/9 通过
✅ 信号队列无pending: pending信号 0 条
✅ 待确认目录无过期: 待确认文件 0 个
✅ 持仓数据正常: 现金 100000 | 持仓 0 只
✅ 新浪API可用: 正常
✅ 进化缓存正常: 最近缓存 8 个文件
✅ Cron任务完整: 全部正常
✅ 信号校验四重门: 四重门正常
✅ 连续空仓检查: 连续空仓 0 天
✅ 近期失败次数: 近期失败 0 次

=== 2026-04-22 05:37:03.923936 ===
结果: 9/9 通过
✅ 信号队列无pending: pending信号 0 条
✅ 待确认目录无过期: 待确认文件 0 个
✅ 持仓数据正常: 现金 100000 | 持仓 0 只
✅ 新浪API可用: 正常
✅ 进化缓存正常: 最近缓存 8 个文件
✅ Cron任务完整: 全部正常
✅ 信号校验四重门: 四重门正常
✅ 连续空仓检查: 连续空仓 0 天
✅ 近期失败次数: 近期失败 0 次

=== 2026-04-22 06:06:58.918800 ===
结果: 9/9 通过
✅ 信号队列无pending: pending信号 0 条
✅ 待确认目录无过期: 待确认文件 0 个
✅ 持仓数据正常: 现金 100000 | 持仓 0 只
✅ 新浪API可用: 正常
✅ 进化缓存正常: 最近缓存 8 个文件
✅ Cron任务完整: 全部正常
✅ 信号校验四重门: 四重门正常
✅ 连续空仓检查: 连续空仓 0 天
✅ 近期失败次数: 近期失败 0 次

=== 2026-04-22 06:37:00.084842 ===
结果: 9/9 通过
✅ 信号队列无pending: pending信号 0 条
✅ 待确认目录无过期: 待确认文件 0 个
✅ 持仓数据正常: 现金 100000 | 持仓 0 只
✅ 新浪API可用: 正常
✅ 进化缓存正常: 最近缓存 8 个文件
✅ Cron任务完整: 全部正常
✅ 信号校验四重门: 四重门正常
✅ 连续空仓检查: 连续空仓 0 天
✅ 近期失败次数: 近期失败 0 次

=== 2026-04-22 07:48:42.138738 ===
结果: 9/9 通过
✅ 信号队列无pending: pending信号 0 条
✅ 待确认目录无过期: 待确认文件 0 个
✅ 持仓数据正常: 现金 100000 | 持仓 0 只
✅ 新浪API可用: 正常
✅ 进化缓存正常: 最近缓存 8 个文件
✅ Cron任务完整: 全部正常
✅ 信号校验四重门: 四重门正常
✅ 连续空仓检查: 连续空仓 0 天
✅ 近期失败次数: 近期失败 0 次

=== 2026-04-22 09:10:27.878310 ===
结果: 9/9 通过
✅ 信号队列无pending: pending信号 0 条
✅ 待确认目录无过期: 待确认文件 0 个
✅ 持仓数据正常: 现金 100000 | 持仓 0 只
✅ 新浪API可用: 正常
✅ 进化缓存正常: 最近缓存 8 个文件
✅ Cron任务完整: 全部正常
✅ 信号校验四重门: 四重门正常
✅ 连续空仓检查: 连续空仓 0 天
✅ 近期失败次数: 近期失败 0 次

=== 2026-04-22 09:39:55.925725 ===
结果: 9/9 通过
✅ 信号队列无pending: pending信号 0 条
✅ 待确认目录无过期: 待确认文件 0 个
✅ 持仓数据正常: 现金 100000 | 持仓 0 只
✅ 新浪API可用: 正常
✅ 进化缓存正常: 最近缓存 8 个文件
✅ Cron任务完整: 全部正常
✅ 信号校验四重门: 四重门正常
✅ 连续空仓检查: 连续空仓 0 天
✅ 近期失败次数: 近期失败 0 次

=== 2026-04-22 10:09:53.264988 ===
结果: 9/9 通过
✅ 信号队列无pending: pending信号 0 条
✅ 待确认目录无过期: 待确认文件 0 个
✅ 持仓数据正常: 现金 100000 | 持仓 0 只
✅ 新浪API可用: 正常
✅ 进化缓存正常: 最近缓存 8 个文件
✅ Cron任务完整: 全部正常
✅ 信号校验四重门: 四重门正常
✅ 连续空仓检查: 连续空仓 0 天
✅ 近期失败次数: 近期失败 0 次

=== 2026-04-22 10:39:47.721336 ===
结果: 9/9 通过
✅ 信号队列无pending: pending信号 0 条
✅ 待确认目录无过期: 待确认文件 0 个
✅ 持仓数据正常: 现金 100000 | 持仓 0 只
✅ 新浪API可用: 正常
✅ 进化缓存正常: 最近缓存 8 个文件
✅ Cron任务完整: 全部正常
✅ 信号校验四重门: 四重门正常
✅ 连续空仓检查: 连续空仓 0 天
✅ 近期失败次数: 近期失败 0 次

=== 2026-04-22 11:09:53.431386 ===
结果: 9/9 通过
✅ 信号队列无pending: pending信号 0 条
✅ 待确认目录无过期: 待确认文件 0 个
✅ 持仓数据正常: 现金 100000 | 持仓 0 只
✅ 新浪API可用: 正常
✅ 进化缓存正常: 最近缓存 8 个文件
✅ Cron任务完整: 全部正常
✅ 信号校验四重门: 四重门正常
✅ 连续空仓检查: 连续空仓 0 天
✅ 近期失败次数: 近期失败 0 次

=== 2026-04-22 11:39:51.899813 ===
结果: 9/9 通过
✅ 信号队列无pending: pending信号 0 条
✅ 待确认目录无过期: 待确认文件 0 个
✅ 持仓数据正常: 现金 100000 | 持仓 0 只
✅ 新浪API可用: 正常
✅ 进化缓存正常: 最近缓存 8 个文件
✅ Cron任务完整: 全部正常
✅ 信号校验四重门: 四重门正常
✅ 连续空仓检查: 连续空仓 0 天
✅ 近期失败次数: 近期失败 0 次

=== 2026-04-22 12:09:54.608925 ===
结果: 9/9 通过
✅ 信号队列无pending: pending信号 0 条
✅ 待确认目录无过期: 待确认文件 0 个
✅ 持仓数据正常: 现金 100000 | 持仓 0 只
✅ 新浪API可用: 正常
✅ 进化缓存正常: 最近缓存 8 个文件
✅ Cron任务完整: 全部正常
✅ 信号校验四重门: 四重门正常
✅ 连续空仓检查: 连续空仓 0 天
✅ 近期失败次数: 近期失败 0 次

=== 2026-04-22 12:39:46.414309 ===
结果: 9/9 通过
✅ 信号队列无pending: pending信号 0 条
✅ 待确认目录无过期: 待确认文件 0 个
✅ 持仓数据正常: 现金 100000 | 持仓 0 只
✅ 新浪API可用: 正常
✅ 进化缓存正常: 最近缓存 8 个文件
✅ Cron任务完整: 全部正常
✅ 信号校验四重门: 四重门正常
✅ 连续空仓检查: 连续空仓 0 天
✅ 近期失败次数: 近期失败 0 次

=== 2026-04-22 13:49:09.370482 ===
结果: 9/9 通过
✅ 信号队列无pending: pending信号 0 条
✅ 待确认目录无过期: 待确认文件 0 个
✅ 持仓数据正常: 现金 70600.0 | 持仓 1 只
✅ 新浪API可用: 正常
✅ 进化缓存正常: 最近缓存 8 个文件
✅ Cron任务完整: 全部正常
✅ 信号校验四重门: 四重门正常
✅ 连续空仓检查: 连续空仓 0 天
✅ 近期失败次数: 近期失败 0 次

=== 2026-04-22 14:09:55.603949 ===
结果: 8/9 通过
❌ 信号队列无pending: pending信号 1 条
✅ 待确认目录无过期: 待确认文件 0 个
✅ 持仓数据正常: 现金 70600.0 | 持仓 1 只
✅ 新浪API可用: 正常
✅ 进化缓存正常: 最近缓存 8 个文件
✅ Cron任务完整: 全部正常
✅ 信号校验四重门: 四重门正常
✅ 连续空仓检查: 连续空仓 0 天
✅ 近期失败次数: 近期失败 0 次

=== 2026-04-22 14:40:40.979519 ===
结果: 7/9 通过
❌ 信号队列无pending: pending信号 1 条
❌ 待确认目录无过期: 待确认文件 1 个
✅ 持仓数据正常: 现金 70600.0 | 持仓 1 只
✅ 新浪API可用: 正常
✅ 进化缓存正常: 最近缓存 8 个文件
✅ Cron任务完整: 全部正常
✅ 信号校验四重门: 四重门正常
✅ 连续空仓检查: 连续空仓 0 天
✅ 近期失败次数: 近期失败 0 次

=== 2026-04-22 15:27:11.980133 ===
结果: 7/9 通过
❌ 信号队列无pending: pending信号 2 条
❌ 待确认目录无过期: 待确认文件 2 个
✅ 持仓数据正常: 现金 70600.0 | 持仓 1 只
✅ 新浪API可用: 正常
✅ 进化缓存正常: 最近缓存 8 个文件
✅ Cron任务完整: 全部正常
✅ 信号校验四重门: 四重门正常
✅ 连续空仓检查: 连续空仓 0 天
✅ 近期失败次数: 近期失败 0 次

=== 2026-04-22 15:40:37.262304 ===
结果: 7/9 通过
❌ 信号队列无pending: pending信号 2 条
❌ 待确认目录无过期: 待确认文件 2 个
✅ 持仓数据正常: 现金 70600.0 | 持仓 1 只
✅ 新浪API可用: 正常
✅ 进化缓存正常: 最近缓存 37 个文件
✅ Cron任务完整: 全部正常
✅ 信号校验四重门: 四重门正常
✅ 连续空仓检查: 连续空仓 0 天
✅ 近期失败次数: 近期失败 0 次

=== 2026-04-22 16:10:18.621804 ===
结果: 7/9 通过
❌ 信号队列无pending: pending信号 2 条
❌ 待确认目录无过期: 待确认文件 2 个
✅ 持仓数据正常: 现金 70600.0 | 持仓 1 只
✅ 新浪API可用: 正常
✅ 进化缓存正常: 最近缓存 37 个文件
✅ Cron任务完整: 全部正常
✅ 信号校验四重门: 四重门正常
✅ 连续空仓检查: 连续空仓 0 天
✅ 近期失败次数: 近期失败 0 次

=== 2026-04-22 16:41:15.647899 ===
结果: 7/9 通过
❌ 信号队列无pending: pending信号 2 条
❌ 待确认目录无过期: 待确认文件 2 个
✅ 持仓数据正常: 现金 70600.0 | 持仓 1 只
✅ 新浪API可用: 正常
✅ 进化缓存正常: 最近缓存 37 个文件
✅ Cron任务完整: 全部正常
✅ 信号校验四重门: 四重门正常
✅ 连续空仓检查: 连续空仓 0 天
✅ 近期失败次数: 近期失败 0 次

=== 2026-04-22 17:10:05.736754 ===
结果: 7/9 通过
❌ 信号队列无pending: pending信号 2 条
❌ 待确认目录无过期: 待确认文件 2 个
✅ 持仓数据正常: 现金 70600.0 | 持仓 1 只
✅ 新浪API可用: 正常
✅ 进化缓存正常: 最近缓存 37 个文件
✅ Cron任务完整: 全部正常
✅ 信号校验四重门: 四重门正常
✅ 连续空仓检查: 连续空仓 0 天
✅ 近期失败次数: 近期失败 0 次

=== 2026-04-22 17:40:53.872345 ===
结果: 7/9 通过
❌ 信号队列无pending: pending信号 2 条
❌ 待确认目录无过期: 待确认文件 2 个
✅ 持仓数据正常: 现金 70600.0 | 持仓 1 只
✅ 新浪API可用: 正常
✅ 进化缓存正常: 最近缓存 37 个文件
✅ Cron任务完整: 全部正常
✅ 信号校验四重门: 四重门正常
✅ 连续空仓检查: 连续空仓 0 天
✅ 近期失败次数: 近期失败 0 次

=== 2026-04-22 18:11:05.483231 ===
结果: 7/9 通过
❌ 信号队列无pending: pending信号 2 条
❌ 待确认目录无过期: 待确认文件 2 个
✅ 持仓数据正常: 现金 70600.0 | 持仓 1 只
✅ 新浪API可用: 正常
✅ 进化缓存正常: 最近缓存 37 个文件
✅ Cron任务完整: 全部正常
✅ 信号校验四重门: 四重门正常
✅ 连续空仓检查: 连续空仓 0 天
✅ 近期失败次数: 近期失败 0 次

=== 2026-04-22 18:41:13.863398 ===
结果: 7/9 通过
❌ 信号队列无pending: pending信号 2 条
❌ 待确认目录无过期: 待确认文件 2 个
✅ 持仓数据正常: 现金 70600.0 | 持仓 1 只
✅ 新浪API可用: 正常
✅ 进化缓存正常: 最近缓存 37 个文件
✅ Cron任务完整: 全部正常
✅ 信号校验四重门: 四重门正常
✅ 连续空仓检查: 连续空仓 0 天
✅ 近期失败次数: 近期失败 0 次

=== 2026-04-22 19:12:05.098087 ===
结果: 7/9 通过
❌ 信号队列无pending: pending信号 2 条
❌ 待确认目录无过期: 待确认文件 2 个
✅ 持仓数据正常: 现金 70600.0 | 持仓 1 只
✅ 新浪API可用: 正常
✅ 进化缓存正常: 最近缓存 37 个文件
✅ Cron任务完整: 全部正常
✅ 信号校验四重门: 四重门正常
✅ 连续空仓检查: 连续空仓 0 天
✅ 近期失败次数: 近期失败 0 次

=== 2026-04-22 19:39:44.158616 ===
结果: 8/9 通过
❌ 信号队列无pending: pending信号 2 条
✅ 待确认目录无过期: 待确认文件 0 个
✅ 持仓数据正常: 现金 70600.0 | 持仓 1 只
✅ 新浪API可用: 正常
✅ 进化缓存正常: 最近缓存 37 个文件
✅ Cron任务完整: 全部正常
✅ 信号校验四重门: 四重门正常
✅ 连续空仓检查: 连续空仓 0 天
✅ 近期失败次数: 近期失败 0 次

=== 2026-04-22 20:09:42.969618 ===
结果: 9/9 通过
✅ 信号队列无pending: pending信号 0 条
✅ 待确认目录无过期: 待确认文件 0 个
✅ 持仓数据正常: 现金 70600.0 | 持仓 1 只
✅ 新浪API可用: 正常
✅ 进化缓存正常: 最近缓存 37 个文件
✅ Cron任务完整: 全部正常
✅ 信号校验四重门: 四重门正常
✅ 连续空仓检查: 连续空仓 0 天
✅ 近期失败次数: 近期失败 0 次

=== 2026-04-22 20:39:47.654849 ===
结果: 9/9 通过
✅ 信号队列无pending: pending信号 0 条
✅ 待确认目录无过期: 待确认文件 0 个
✅ 持仓数据正常: 现金 70600.0 | 持仓 1 只
✅ 新浪API可用: 正常
✅ 进化缓存正常: 最近缓存 37 个文件
✅ Cron任务完整: 全部正常
✅ 信号校验四重门: 四重门正常
✅ 连续空仓检查: 连续空仓 0 天
✅ 近期失败次数: 近期失败 0 次

=== 2026-04-22 21:09:46.587661 ===
结果: 9/9 通过
✅ 信号队列无pending: pending信号 0 条
✅ 待确认目录无过期: 待确认文件 0 个
✅ 持仓数据正常: 现金 70600.0 | 持仓 1 只
✅ 新浪API可用: 正常
✅ 进化缓存正常: 最近缓存 37 个文件
✅ Cron任务完整: 全部正常
✅ 信号校验四重门: 四重门正常
✅ 连续空仓检查: 连续空仓 0 天
✅ 近期失败次数: 近期失败 0 次

=== 2026-04-22 21:45:57.640619 ===
结果: 9/9 通过
✅ 信号队列无pending: pending信号 0 条
✅ 待确认目录无过期: 待确认文件 0 个
✅ 持仓数据正常: 现金 70600.0 | 持仓 1 只
✅ 新浪API可用: 正常
✅ 进化缓存正常: 最近缓存 37 个文件
✅ Cron任务完整: 全部正常
✅ 信号校验四重门: 四重门正常
✅ 连续空仓检查: 连续空仓 0 天
✅ 近期失败次数: 近期失败 0 次

=== 2026-04-22 22:19:17.323987 ===
结果: 9/9 通过
✅ 信号队列无pending: pending信号 0 条
✅ 待确认目录无过期: 待确认文件 0 个
✅ 持仓数据正常: 现金 70600.0 | 持仓 1 只
✅ 新浪API可用: 正常
✅ 进化缓存正常: 最近缓存 37 个文件
✅ Cron任务完整: 全部正常
✅ 信号校验四重门: 四重门正常
✅ 连续空仓检查: 连续空仓 0 天
✅ 近期失败次数: 近期失败 0 次

=== 2026-04-22 22:40:14.256071 ===
结果: 9/9 通过
✅ 信号队列无pending: pending信号 0 条
✅ 待确认目录无过期: 待确认文件 0 个
✅ 持仓数据正常: 现金 70600.0 | 持仓 1 只
✅ 新浪API可用: 正常
✅ 进化缓存正常: 最近缓存 37 个文件
✅ Cron任务完整: 全部正常
✅ 信号校验四重门: 四重门正常
✅ 连续空仓检查: 连续空仓 0 天
✅ 近期失败次数: 近期失败 0 次

=== 2026-04-22 23:10:06.147134 ===
结果: 9/9 通过
✅ 信号队列无pending: pending信号 0 条
✅ 待确认目录无过期: 待确认文件 0 个
✅ 持仓数据正常: 现金 70600.0 | 持仓 1 只
✅ 新浪API可用: 正常
✅ 进化缓存正常: 最近缓存 37 个文件
✅ Cron任务完整: 全部正常
✅ 信号校验四重门: 四重门正常
✅ 连续空仓检查: 连续空仓 0 天
✅ 近期失败次数: 近期失败 0 次

=== 2026-04-22 23:40:11.245001 ===
结果: 9/9 通过
✅ 信号队列无pending: pending信号 0 条
✅ 待确认目录无过期: 待确认文件 0 个
✅ 持仓数据正常: 现金 70600.0 | 持仓 1 只
✅ 新浪API可用: 正常
✅ 进化缓存正常: 最近缓存 37 个文件
✅ Cron任务完整: 全部正常
✅ 信号校验四重门: 四重门正常
✅ 连续空仓检查: 连续空仓 0 天
✅ 近期失败次数: 近期失败 0 次

=== 2026-04-23 00:09:56.620244 ===
结果: 9/9 通过
✅ 信号队列无pending: pending信号 0 条
✅ 待确认目录无过期: 待确认文件 0 个
✅ 持仓数据正常: 现金 70600.0 | 持仓 1 只
✅ 新浪API可用: 正常
✅ 进化缓存正常: 最近缓存 37 个文件
✅ Cron任务完整: 全部正常
✅ 信号校验四重门: 四重门正常
✅ 连续空仓检查: 连续空仓 0 天
✅ 近期失败次数: 近期失败 0 次

=== 2026-04-23 00:39:57.248599 ===
结果: 9/9 通过
✅ 信号队列无pending: pending信号 0 条
✅ 待确认目录无过期: 待确认文件 0 个
✅ 持仓数据正常: 现金 70600.0 | 持仓 1 只
✅ 新浪API可用: 正常
✅ 进化缓存正常: 最近缓存 37 个文件
✅ Cron任务完整: 全部正常
✅ 信号校验四重门: 四重门正常
✅ 连续空仓检查: 连续空仓 0 天
✅ 近期失败次数: 近期失败 0 次

=== 2026-04-23 01:10:09.247671 ===
结果: 9/9 通过
✅ 信号队列无pending: pending信号 0 条
✅ 待确认目录无过期: 待确认文件 0 个
✅ 持仓数据正常: 现金 70600.0 | 持仓 1 只
✅ 新浪API可用: 正常
✅ 进化缓存正常: 最近缓存 37 个文件
✅ Cron任务完整: 全部正常
✅ 信号校验四重门: 四重门正常
✅ 连续空仓检查: 连续空仓 0 天
✅ 近期失败次数: 近期失败 0 次

=== 2026-04-23 01:39:51.142073 ===
结果: 9/9 通过
✅ 信号队列无pending: pending信号 0 条
✅ 待确认目录无过期: 待确认文件 0 个
✅ 持仓数据正常: 现金 70600.0 | 持仓 1 只
✅ 新浪API可用: 正常
✅ 进化缓存正常: 最近缓存 37 个文件
✅ Cron任务完整: 全部正常
✅ 信号校验四重门: 四重门正常
✅ 连续空仓检查: 连续空仓 0 天
✅ 近期失败次数: 近期失败 0 次

=== 2026-04-23 02:09:56.010052 ===
结果: 9/9 通过
✅ 信号队列无pending: pending信号 0 条
✅ 待确认目录无过期: 待确认文件 0 个
✅ 持仓数据正常: 现金 70600.0 | 持仓 1 只
✅ 新浪API可用: 正常
✅ 进化缓存正常: 最近缓存 37 个文件
✅ Cron任务完整: 全部正常
✅ 信号校验四重门: 四重门正常
✅ 连续空仓检查: 连续空仓 0 天
✅ 近期失败次数: 近期失败 0 次

=== 2026-04-23 02:39:51.797408 ===
结果: 9/9 通过
✅ 信号队列无pending: pending信号 0 条
✅ 待确认目录无过期: 待确认文件 0 个
✅ 持仓数据正常: 现金 70600.0 | 持仓 1 只
✅ 新浪API可用: 正常
✅ 进化缓存正常: 最近缓存 37 个文件
✅ Cron任务完整: 全部正常
✅ 信号校验四重门: 四重门正常
✅ 连续空仓检查: 连续空仓 0 天
✅ 近期失败次数: 近期失败 0 次

=== 2026-04-23 03:09:46.570623 ===
结果: 9/9 通过
✅ 信号队列无pending: pending信号 0 条
✅ 待确认目录无过期: 待确认文件 0 个
✅ 持仓数据正常: 现金 70600.0 | 持仓 1 只
✅ 新浪API可用: 正常
✅ 进化缓存正常: 最近缓存 37 个文件
✅ Cron任务完整: 全部正常
✅ 信号校验四重门: 四重门正常
✅ 连续空仓检查: 连续空仓 0 天
✅ 近期失败次数: 近期失败 0 次

=== 2026-04-23 03:39:43.340826 ===
结果: 9/9 通过
✅ 信号队列无pending: pending信号 0 条
✅ 待确认目录无过期: 待确认文件 0 个
✅ 持仓数据正常: 现金 70600.0 | 持仓 1 只
✅ 新浪API可用: 正常
✅ 进化缓存正常: 最近缓存 37 个文件
✅ Cron任务完整: 全部正常
✅ 信号校验四重门: 四重门正常
✅ 连续空仓检查: 连续空仓 0 天
✅ 近期失败次数: 近期失败 0 次

=== 2026-04-23 04:09:47.840330 ===
结果: 9/9 通过
✅ 信号队列无pending: pending信号 0 条
✅ 待确认目录无过期: 待确认文件 0 个
✅ 持仓数据正常: 现金 70600.0 | 持仓 1 只
✅ 新浪API可用: 正常
✅ 进化缓存正常: 最近缓存 37 个文件
✅ Cron任务完整: 全部正常
✅ 信号校验四重门: 四重门正常
✅ 连续空仓检查: 连续空仓 0 天
✅ 近期失败次数: 近期失败 0 次

=== 2026-04-23 04:39:45.094178 ===
结果: 9/9 通过
✅ 信号队列无pending: pending信号 0 条
✅ 待确认目录无过期: 待确认文件 0 个
✅ 持仓数据正常: 现金 70600.0 | 持仓 1 只
✅ 新浪API可用: 正常
✅ 进化缓存正常: 最近缓存 37 个文件
✅ Cron任务完整: 全部正常
✅ 信号校验四重门: 四重门正常
✅ 连续空仓检查: 连续空仓 0 天
✅ 近期失败次数: 近期失败 0 次

=== 2026-04-23 05:09:45.550080 ===
结果: 9/9 通过
✅ 信号队列无pending: pending信号 0 条
✅ 待确认目录无过期: 待确认文件 0 个
✅ 持仓数据正常: 现金 70600.0 | 持仓 1 只
✅ 新浪API可用: 正常
✅ 进化缓存正常: 最近缓存 37 个文件
✅ Cron任务完整: 全部正常
✅ 信号校验四重门: 四重门正常
✅ 连续空仓检查: 连续空仓 0 天
✅ 近期失败次数: 近期失败 0 次

=== 2026-04-23 05:39:43.822070 ===
结果: 9/9 通过
✅ 信号队列无pending: pending信号 0 条
✅ 待确认目录无过期: 待确认文件 0 个
✅ 持仓数据正常: 现金 70600.0 | 持仓 1 只
✅ 新浪API可用: 正常
✅ 进化缓存正常: 最近缓存 37 个文件
✅ Cron任务完整: 全部正常
✅ 信号校验四重门: 四重门正常
✅ 连续空仓检查: 连续空仓 0 天
✅ 近期失败次数: 近期失败 0 次

=== 2026-04-23 06:09:45.116569 ===
结果: 9/9 通过
✅ 信号队列无pending: pending信号 0 条
✅ 待确认目录无过期: 待确认文件 0 个
✅ 持仓数据正常: 现金 70600.0 | 持仓 1 只
✅ 新浪API可用: 正常
✅ 进化缓存正常: 最近缓存 37 个文件
✅ Cron任务完整: 全部正常
✅ 信号校验四重门: 四重门正常
✅ 连续空仓检查: 连续空仓 0 天
✅ 近期失败次数: 近期失败 0 次

=== 2026-04-23 06:39:45.814379 ===
结果: 9/9 通过
✅ 信号队列无pending: pending信号 0 条
✅ 待确认目录无过期: 待确认文件 0 个
✅ 持仓数据正常: 现金 70600.0 | 持仓 1 只
✅ 新浪API可用: 正常
✅ 进化缓存正常: 最近缓存 37 个文件
✅ Cron任务完整: 全部正常
✅ 信号校验四重门: 四重门正常
✅ 连续空仓检查: 连续空仓 0 天
✅ 近期失败次数: 近期失败 0 次

=== 2026-04-23 07:10:29.258273 ===
结果: 9/9 通过
✅ 信号队列无pending: pending信号 0 条
✅ 待确认目录无过期: 待确认文件 0 个
✅ 持仓数据正常: 现金 70600.0 | 持仓 1 只
✅ 新浪API可用: 正常
✅ 进化缓存正常: 最近缓存 37 个文件
✅ Cron任务完整: 全部正常
✅ 信号校验四重门: 四重门正常
✅ 连续空仓检查: 连续空仓 0 天
✅ 近期失败次数: 近期失败 0 次

=== 2026-04-23 07:41:18.310654 ===
结果: 9/9 通过
✅ 信号队列无pending: pending信号 0 条
✅ 待确认目录无过期: 待确认文件 0 个
✅ 持仓数据正常: 现金 70600.0 | 持仓 1 只
✅ 新浪API可用: 正常
✅ 进化缓存正常: 最近缓存 37 个文件
✅ Cron任务完整: 全部正常
✅ 信号校验四重门: 四重门正常
✅ 连续空仓检查: 连续空仓 0 天
✅ 近期失败次数: 近期失败 0 次

=== 2026-04-23 08:11:08.236421 ===
结果: 9/9 通过
✅ 信号队列无pending: pending信号 0 条
✅ 待确认目录无过期: 待确认文件 0 个
✅ 持仓数据正常: 现金 70600.0 | 持仓 1 只
✅ 新浪API可用: 正常
✅ 进化缓存正常: 最近缓存 37 个文件
✅ Cron任务完整: 全部正常
✅ 信号校验四重门: 四重门正常
✅ 连续空仓检查: 连续空仓 0 天
✅ 近期失败次数: 近期失败 0 次

=== 2026-04-23 08:39:52.475402 ===
结果: 9/9 通过
✅ 信号队列无pending: pending信号 0 条
✅ 待确认目录无过期: 待确认文件 0 个
✅ 持仓数据正常: 现金 70600.0 | 持仓 1 只
✅ 新浪API可用: 正常
✅ 进化缓存正常: 最近缓存 37 个文件
✅ Cron任务完整: 全部正常
✅ 信号校验四重门: 四重门正常
✅ 连续空仓检查: 连续空仓 0 天
✅ 近期失败次数: 近期失败 0 次

=== 2026-04-23 09:10:04.404738 ===
结果: 9/9 通过
✅ 信号队列无pending: pending信号 0 条
✅ 待确认目录无过期: 待确认文件 0 个
✅ 持仓数据正常: 现金 70600.0 | 持仓 1 只
✅ 新浪API可用: 正常
✅ 进化缓存正常: 最近缓存 37 个文件
✅ Cron任务完整: 全部正常
✅ 信号校验四重门: 四重门正常
✅ 连续空仓检查: 连续空仓 0 天
✅ 近期失败次数: 近期失败 0 次

=== 2026-04-23 10:04:15.714044 ===
结果: 9/9 通过
✅ 信号队列无pending: pending信号 0 条
✅ 待确认目录无过期: 待确认文件 0 个
✅ 持仓数据正常: 现金 70600.0 | 持仓 1 只
✅ 新浪API可用: 正常
✅ 进化缓存正常: 最近缓存 37 个文件
✅ Cron任务完整: 全部正常
✅ 信号校验四重门: 四重门正常
✅ 连续空仓检查: 连续空仓 0 天
✅ 近期失败次数: 近期失败 0 次

=== 2026-04-23 10:10:12.114016 ===
结果: 9/9 通过
✅ 信号队列无pending: pending信号 0 条
✅ 待确认目录无过期: 待确认文件 0 个
✅ 持仓数据正常: 现金 70600.0 | 持仓 1 只
✅ 新浪API可用: 正常
✅ 进化缓存正常: 最近缓存 37 个文件
✅ Cron任务完整: 全部正常
✅ 信号校验四重门: 四重门正常
✅ 连续空仓检查: 连续空仓 0 天
✅ 近期失败次数: 近期失败 0 次

=== 2026-04-23 10:40:03.199900 ===
结果: 9/9 通过
✅ 信号队列无pending: pending信号 0 条
✅ 待确认目录无过期: 待确认文件 0 个
✅ 持仓数据正常: 现金 70600.0 | 持仓 1 只
✅ 新浪API可用: 正常
✅ 进化缓存正常: 最近缓存 37 个文件
✅ Cron任务完整: 全部正常
✅ 信号校验四重门: 四重门正常
✅ 连续空仓检查: 连续空仓 0 天
✅ 近期失败次数: 近期失败 0 次

=== 2026-04-23 11:10:18.314951 ===
结果: 9/9 通过
✅ 信号队列无pending: pending信号 0 条
✅ 待确认目录无过期: 待确认文件 0 个
✅ 持仓数据正常: 现金 70600.0 | 持仓 1 只
✅ 新浪API可用: 正常
✅ 进化缓存正常: 最近缓存 37 个文件
✅ Cron任务完整: 全部正常
✅ 信号校验四重门: 四重门正常
✅ 连续空仓检查: 连续空仓 0 天
✅ 近期失败次数: 近期失败 0 次

=== 2026-04-23 11:40:04.920059 ===
结果: 9/9 通过
✅ 信号队列无pending: pending信号 0 条
✅ 待确认目录无过期: 待确认文件 0 个
✅ 持仓数据正常: 现金 70600.0 | 持仓 1 只
✅ 新浪API可用: 正常
✅ 进化缓存正常: 最近缓存 37 个文件
✅ Cron任务完整: 全部正常
✅ 信号校验四重门: 四重门正常
✅ 连续空仓检查: 连续空仓 0 天
✅ 近期失败次数: 近期失败 0 次

=== 2026-04-23 12:10:11.204343 ===
结果: 9/9 通过
✅ 信号队列无pending: pending信号 0 条
✅ 待确认目录无过期: 待确认文件 0 个
✅ 持仓数据正常: 现金 70600.0 | 持仓 1 只
✅ 新浪API可用: 正常
✅ 进化缓存正常: 最近缓存 37 个文件
✅ Cron任务完整: 全部正常
✅ 信号校验四重门: 四重门正常
✅ 连续空仓检查: 连续空仓 0 天
✅ 近期失败次数: 近期失败 0 次

=== 2026-04-23 12:40:08.287481 ===
结果: 9/9 通过
✅ 信号队列无pending: pending信号 0 条
✅ 待确认目录无过期: 待确认文件 0 个
✅ 持仓数据正常: 现金 70600.0 | 持仓 1 只
✅ 新浪API可用: 正常
✅ 进化缓存正常: 最近缓存 37 个文件
✅ Cron任务完整: 全部正常
✅ 信号校验四重门: 四重门正常
✅ 连续空仓检查: 连续空仓 0 天
✅ 近期失败次数: 近期失败 0 次

=== 2026-04-23 13:10:14.507187 ===
结果: 9/9 通过
✅ 信号队列无pending: pending信号 0 条
✅ 待确认目录无过期: 待确认文件 0 个
✅ 持仓数据正常: 现金 70600.0 | 持仓 1 只
✅ 新浪API可用: 正常
✅ 进化缓存正常: 最近缓存 37 个文件
✅ Cron任务完整: 全部正常
✅ 信号校验四重门: 四重门正常
✅ 连续空仓检查: 连续空仓 0 天
✅ 近期失败次数: 近期失败 0 次

=== 2026-04-23 13:40:07.889242 ===
结果: 9/9 通过
✅ 信号队列无pending: pending信号 0 条
✅ 待确认目录无过期: 待确认文件 0 个
✅ 持仓数据正常: 现金 70600.0 | 持仓 1 只
✅ 新浪API可用: 正常
✅ 进化缓存正常: 最近缓存 37 个文件
✅ Cron任务完整: 全部正常
✅ 信号校验四重门: 四重门正常
✅ 连续空仓检查: 连续空仓 0 天
✅ 近期失败次数: 近期失败 0 次

=== 2026-04-23 14:11:33.417715 ===
结果: 9/9 通过
✅ 信号队列无pending: pending信号 0 条
✅ 待确认目录无过期: 待确认文件 0 个
✅ 持仓数据正常: 现金 70600.0 | 持仓 1 只
✅ 新浪API可用: 正常
✅ 进化缓存正常: 最近缓存 37 个文件
✅ Cron任务完整: 全部正常
✅ 信号校验四重门: 四重门正常
✅ 连续空仓检查: 连续空仓 0 天
✅ 近期失败次数: 近期失败 0 次

=== 2026-04-23 14:40:23.843648 ===
结果: 9/9 通过
✅ 信号队列无pending: pending信号 0 条
✅ 待确认目录无过期: 待确认文件 0 个
✅ 持仓数据正常: 现金 70600.0 | 持仓 1 只
✅ 新浪API可用: 正常
✅ 进化缓存正常: 最近缓存 37 个文件
✅ Cron任务完整: 全部正常
✅ 信号校验四重门: 四重门正常
✅ 连续空仓检查: 连续空仓 0 天
✅ 近期失败次数: 近期失败 0 次

=== 2026-04-23 15:38:59.401123 ===
结果: 9/9 通过
✅ 信号队列无pending: pending信号 0 条
✅ 待确认目录无过期: 待确认文件 0 个
✅ 持仓数据正常: 现金 70600.0 | 持仓 1 只
✅ 新浪API可用: 正常
✅ 进化缓存正常: 最近缓存 37 个文件
✅ Cron任务完整: 全部正常
✅ 信号校验四重门: 四重门正常
✅ 连续空仓检查: 连续空仓 0 天
✅ 近期失败次数: 近期失败 0 次

=== 2026-04-23 15:40:15.988518 ===
结果: 9/9 通过
✅ 信号队列无pending: pending信号 0 条
✅ 待确认目录无过期: 待确认文件 0 个
✅ 持仓数据正常: 现金 70600.0 | 持仓 1 只
✅ 新浪API可用: 正常
✅ 进化缓存正常: 最近缓存 37 个文件
✅ Cron任务完整: 全部正常
✅ 信号校验四重门: 四重门正常
✅ 连续空仓检查: 连续空仓 0 天
✅ 近期失败次数: 近期失败 0 次

=== 2026-04-23 16:09:35.200643 ===
结果: 9/9 通过
✅ 信号队列无pending: pending信号 0 条
✅ 待确认目录无过期: 待确认文件 0 个
✅ 持仓数据正常: 现金 70600.0 | 持仓 1 只
✅ 新浪API可用: 正常
✅ 进化缓存正常: 最近缓存 37 个文件
✅ Cron任务完整: 全部正常
✅ 信号校验四重门: 四重门正常
✅ 连续空仓检查: 连续空仓 0 天
✅ 近期失败次数: 近期失败 0 次

=== 2026-04-23 16:39:29.742225 ===
结果: 9/9 通过
✅ 信号队列无pending: pending信号 0 条
✅ 待确认目录无过期: 待确认文件 0 个
✅ 持仓数据正常: 现金 70600.0 | 持仓 1 只
✅ 新浪API可用: 正常
✅ 进化缓存正常: 最近缓存 37 个文件
✅ Cron任务完整: 全部正常
✅ 信号校验四重门: 四重门正常
✅ 连续空仓检查: 连续空仓 0 天
✅ 近期失败次数: 近期失败 0 次

=== 2026-04-23 17:09:30.041620 ===
结果: 9/9 通过
✅ 信号队列无pending: pending信号 0 条
✅ 待确认目录无过期: 待确认文件 0 个
✅ 持仓数据正常: 现金 70600.0 | 持仓 1 只
✅ 新浪API可用: 正常
✅ 进化缓存正常: 最近缓存 37 个文件
✅ Cron任务完整: 全部正常
✅ 信号校验四重门: 四重门正常
✅ 连续空仓检查: 连续空仓 0 天
✅ 近期失败次数: 近期失败 0 次

=== 2026-04-23 17:39:28.753458 ===
结果: 9/9 通过
✅ 信号队列无pending: pending信号 0 条
✅ 待确认目录无过期: 待确认文件 0 个
✅ 持仓数据正常: 现金 70600.0 | 持仓 1 只
✅ 新浪API可用: 正常
✅ 进化缓存正常: 最近缓存 37 个文件
✅ Cron任务完整: 全部正常
✅ 信号校验四重门: 四重门正常
✅ 连续空仓检查: 连续空仓 0 天
✅ 近期失败次数: 近期失败 0 次

=== 2026-04-23 18:09:28.827132 ===
结果: 9/9 通过
✅ 信号队列无pending: pending信号 0 条
✅ 待确认目录无过期: 待确认文件 0 个
✅ 持仓数据正常: 现金 70600.0 | 持仓 1 只
✅ 新浪API可用: 正常
✅ 进化缓存正常: 最近缓存 37 个文件
✅ Cron任务完整: 全部正常
✅ 信号校验四重门: 四重门正常
✅ 连续空仓检查: 连续空仓 0 天
✅ 近期失败次数: 近期失败 0 次

=== 2026-04-23 18:39:28.753537 ===
结果: 9/9 通过
✅ 信号队列无pending: pending信号 0 条
✅ 待确认目录无过期: 待确认文件 0 个
✅ 持仓数据正常: 现金 70600.0 | 持仓 1 只
✅ 新浪API可用: 正常
✅ 进化缓存正常: 最近缓存 37 个文件
✅ Cron任务完整: 全部正常
✅ 信号校验四重门: 四重门正常
✅ 连续空仓检查: 连续空仓 0 天
✅ 近期失败次数: 近期失败 0 次

=== 2026-04-23 19:09:28.762666 ===
结果: 9/9 通过
✅ 信号队列无pending: pending信号 0 条
✅ 待确认目录无过期: 待确认文件 0 个
✅ 持仓数据正常: 现金 70600.0 | 持仓 1 只
✅ 新浪API可用: 正常
✅ 进化缓存正常: 最近缓存 37 个文件
✅ Cron任务完整: 全部正常
✅ 信号校验四重门: 四重门正常
✅ 连续空仓检查: 连续空仓 0 天
✅ 近期失败次数: 近期失败 0 次

=== 2026-04-23 19:39:28.281979 ===
结果: 9/9 通过
✅ 信号队列无pending: pending信号 0 条
✅ 待确认目录无过期: 待确认文件 0 个
✅ 持仓数据正常: 现金 70600.0 | 持仓 1 只
✅ 新浪API可用: 正常
✅ 进化缓存正常: 最近缓存 37 个文件
✅ Cron任务完整: 全部正常
✅ 信号校验四重门: 四重门正常
✅ 连续空仓检查: 连续空仓 0 天
✅ 近期失败次数: 近期失败 0 次

=== 2026-04-23 20:09:29.263063 ===
结果: 9/9 通过
✅ 信号队列无pending: pending信号 0 条
✅ 待确认目录无过期: 待确认文件 0 个
✅ 持仓数据正常: 现金 70600.0 | 持仓 1 只
✅ 新浪API可用: 正常
✅ 进化缓存正常: 最近缓存 37 个文件
✅ Cron任务完整: 全部正常
✅ 信号校验四重门: 四重门正常
✅ 连续空仓检查: 连续空仓 0 天
✅ 近期失败次数: 近期失败 0 次

=== 2026-04-23 20:53:40.691106 ===
结果: 9/9 通过
✅ 信号队列无pending: pending信号 0 条
✅ 待确认目录无过期: 待确认文件 0 个
✅ 持仓数据正常: 现金 70600.0 | 持仓 1 只
✅ 新浪API可用: 正常
✅ 进化缓存正常: 最近缓存 37 个文件
✅ Cron任务完整: 全部正常
✅ 信号校验四重门: 四重门正常
✅ 连续空仓检查: 连续空仓 0 天
✅ 近期失败次数: 近期失败 0 次

=== 2026-04-23 21:09:30.039257 ===
结果: 9/9 通过
✅ 信号队列无pending: pending信号 0 条
✅ 待确认目录无过期: 待确认文件 0 个
✅ 持仓数据正常: 现金 70600.0 | 持仓 1 只
✅ 新浪API可用: 正常
✅ 进化缓存正常: 最近缓存 37 个文件
✅ Cron任务完整: 全部正常
✅ 信号校验四重门: 四重门正常
✅ 连续空仓检查: 连续空仓 0 天
✅ 近期失败次数: 近期失败 0 次

=== 2026-04-23 21:39:29.706425 ===
结果: 9/9 通过
✅ 信号队列无pending: pending信号 0 条
✅ 待确认目录无过期: 待确认文件 0 个
✅ 持仓数据正常: 现金 70600.0 | 持仓 1 只
✅ 新浪API可用: 正常
✅ 进化缓存正常: 最近缓存 37 个文件
✅ Cron任务完整: 全部正常
✅ 信号校验四重门: 四重门正常
✅ 连续空仓检查: 连续空仓 0 天
✅ 近期失败次数: 近期失败 0 次

=== 2026-04-23 22:09:31.746476 ===
结果: 9/9 通过
✅ 信号队列无pending: pending信号 0 条
✅ 待确认目录无过期: 待确认文件 0 个
✅ 持仓数据正常: 现金 70600.0 | 持仓 1 只
✅ 新浪API可用: 正常
✅ 进化缓存正常: 最近缓存 37 个文件
✅ Cron任务完整: 全部正常
✅ 信号校验四重门: 四重门正常
✅ 连续空仓检查: 连续空仓 0 天
✅ 近期失败次数: 近期失败 0 次

=== 2026-04-23 22:39:31.178101 ===
结果: 9/9 通过
✅ 信号队列无pending: pending信号 0 条
✅ 待确认目录无过期: 待确认文件 0 个
✅ 持仓数据正常: 现金 70600.0 | 持仓 1 只
✅ 新浪API可用: 正常
✅ 进化缓存正常: 最近缓存 37 个文件
✅ Cron任务完整: 全部正常
✅ 信号校验四重门: 四重门正常
✅ 连续空仓检查: 连续空仓 0 天
✅ 近期失败次数: 近期失败 0 次

=== 2026-04-23 23:09:30.219166 ===
结果: 9/9 通过
✅ 信号队列无pending: pending信号 0 条
✅ 待确认目录无过期: 待确认文件 0 个
✅ 持仓数据正常: 现金 70600.0 | 持仓 1 只
✅ 新浪API可用: 正常
✅ 进化缓存正常: 最近缓存 37 个文件
✅ Cron任务完整: 全部正常
✅ 信号校验四重门: 四重门正常
✅ 连续空仓检查: 连续空仓 0 天
✅ 近期失败次数: 近期失败 0 次

=== 2026-04-24 07:39:44.799620 ===
结果: 9/9 通过
✅ 信号队列无pending: pending信号 0 条
✅ 待确认目录无过期: 待确认文件 0 个
✅ 持仓数据正常: 现金 70600.0 | 持仓 1 只
✅ 新浪API可用: 正常
✅ 进化缓存正常: 最近缓存 37 个文件
✅ Cron任务完整: 全部正常
✅ 信号校验四重门: 四重门正常
✅ 连续空仓检查: 连续空仓 0 天
✅ 近期失败次数: 近期失败 0 次

=== 2026-04-24 08:19:07.624858 ===
结果: 9/9 通过
✅ 信号队列无pending: pending信号 0 条
✅ 待确认目录无过期: 待确认文件 0 个
✅ 持仓数据正常: 现金 70600.0 | 持仓 1 只
✅ 新浪API可用: 正常
✅ 进化缓存正常: 最近缓存 37 个文件
✅ Cron任务完整: 全部正常
✅ 信号校验四重门: 四重门正常
✅ 连续空仓检查: 连续空仓 0 天
✅ 近期失败次数: 近期失败 0 次

=== 2026-04-24 09:05:12.297515 ===
结果: 9/9 通过
✅ 信号队列无pending: pending信号 0 条
✅ 待确认目录无过期: 待确认文件 0 个
✅ 持仓数据正常: 现金 70600.0 | 持仓 1 只
✅ 新浪API可用: 正常
✅ 进化缓存正常: 最近缓存 37 个文件
✅ Cron任务完整: 全部正常
✅ 信号校验四重门: 四重门正常
✅ 连续空仓检查: 连续空仓 0 天
✅ 近期失败次数: 近期失败 0 次

=== 2026-04-24 09:09:29.968682 ===
结果: 9/9 通过
✅ 信号队列无pending: pending信号 0 条
✅ 待确认目录无过期: 待确认文件 0 个
✅ 持仓数据正常: 现金 70600.0 | 持仓 1 只
✅ 新浪API可用: 正常
✅ 进化缓存正常: 最近缓存 37 个文件
✅ Cron任务完整: 全部正常
✅ 信号校验四重门: 四重门正常
✅ 连续空仓检查: 连续空仓 0 天
✅ 近期失败次数: 近期失败 0 次

=== 2026-04-24 09:39:40.185532 ===
结果: 9/9 通过
✅ 信号队列无pending: pending信号 0 条
✅ 待确认目录无过期: 待确认文件 0 个
✅ 持仓数据正常: 现金 70600.0 | 持仓 1 只
✅ 新浪API可用: 正常
✅ 进化缓存正常: 最近缓存 37 个文件
✅ Cron任务完整: 全部正常
✅ 信号校验四重门: 四重门正常
✅ 连续空仓检查: 连续空仓 0 天
✅ 近期失败次数: 近期失败 0 次

=== 2026-04-24 10:09:34.540462 ===
结果: 9/9 通过
✅ 信号队列无pending: pending信号 0 条
✅ 待确认目录无过期: 待确认文件 0 个
✅ 持仓数据正常: 现金 70600.0 | 持仓 1 只
✅ 新浪API可用: 正常
✅ 进化缓存正常: 最近缓存 37 个文件
✅ Cron任务完整: 全部正常
✅ 信号校验四重门: 四重门正常
✅ 连续空仓检查: 连续空仓 0 天
✅ 近期失败次数: 近期失败 0 次

=== 2026-04-24 10:39:34.239442 ===
结果: 9/9 通过
✅ 信号队列无pending: pending信号 0 条
✅ 待确认目录无过期: 待确认文件 0 个
✅ 持仓数据正常: 现金 70600.0 | 持仓 1 只
✅ 新浪API可用: 正常
✅ 进化缓存正常: 最近缓存 37 个文件
✅ Cron任务完整: 全部正常
✅ 信号校验四重门: 四重门正常
✅ 连续空仓检查: 连续空仓 0 天
✅ 近期失败次数: 近期失败 0 次

=== 2026-04-24 11:09:28.164745 ===
结果: 9/9 通过
✅ 信号队列无pending: pending信号 0 条
✅ 待确认目录无过期: 待确认文件 0 个
✅ 持仓数据正常: 现金 70600.0 | 持仓 1 只
✅ 新浪API可用: 正常
✅ 进化缓存正常: 最近缓存 37 个文件
✅ Cron任务完整: 全部正常
✅ 信号校验四重门: 四重门正常
✅ 连续空仓检查: 连续空仓 0 天
✅ 近期失败次数: 近期失败 0 次

=== 2026-04-24 11:39:26.943097 ===
结果: 9/9 通过
✅ 信号队列无pending: pending信号 0 条
✅ 待确认目录无过期: 待确认文件 0 个
✅ 持仓数据正常: 现金 70600.0 | 持仓 1 只
✅ 新浪API可用: 正常
✅ 进化缓存正常: 最近缓存 37 个文件
✅ Cron任务完整: 全部正常
✅ 信号校验四重门: 四重门正常
✅ 连续空仓检查: 连续空仓 0 天
✅ 近期失败次数: 近期失败 0 次

=== 2026-04-27 09:25:01.968404 ===
结果: 9/9 通过
✅ 信号队列无pending: pending信号 0 条
✅ 待确认目录无过期: 待确认文件 0 个
✅ 持仓数据正常: 现金 70600.0 | 持仓 1 只
✅ 新浪API可用: 正常
✅ 进化缓存正常: 最近缓存 36 个文件
✅ Cron任务完整: 全部正常
✅ 信号校验四重门: 四重门正常
✅ 连续空仓检查: 连续空仓 0 天
✅ 近期失败次数: 近期失败 0 次
