==================================================
主动技术研究扫描 2026-05-14 04:00
==================================================
1/2 扫描 GitHub Trending...
   发现 37 个相关项目
2/2 检查关注仓库...
   关注仓库 3 个

✅ 报告已生成: /root/.openclaw/workspace/.learnings/tech_research/tech_intel_2026-05-14.md
   共 37 个相关项目
==================================================
主动技术研究扫描 2026-05-15 04:00
==================================================
1/2 扫描 GitHub Trending...
   发现 36 个相关项目
2/2 检查关注仓库...
   关注仓库 3 个

✅ 报告已生成: /root/.openclaw/workspace/.learnings/tech_research/tech_intel_2026-05-15.md
   共 36 个相关项目
==================================================
主动技术研究扫描 2026-05-16 04:00
==================================================
1/2 扫描 GitHub Trending...
   发现 36 个相关项目
2/2 检查关注仓库...
   关注仓库 3 个

✅ 报告已生成: /root/.openclaw/workspace/.learnings/tech_research/tech_intel_2026-05-16.md
   共 36 个相关项目
==================================================
主动技术研究扫描 2026-05-17 04:00
==================================================
1/2 扫描 GitHub Trending...
   发现 38 个相关项目
2/2 检查关注仓库...
   关注仓库 3 个

✅ 报告已生成: /root/.openclaw/workspace/.learnings/tech_research/tech_intel_2026-05-17.md
   共 38 个相关项目
[2026-05-18 01:03:31] ✅ 凌晨自主学习完成：night-learn-2026-05-18.md
  - IMA扫描: 无新增文档，双KB均稳定
  - 资金博弈: 北向连出+科技→防御轮动+商品暴跌验证
  - 知识体系: V11草案+三重共振见顶模型新增
  - 市场状态: 恐慌14冰点，空仓继续
==================================================
主动技术研究扫描 2026-05-18 04:00
==================================================
1/2 扫描 GitHub Trending...
   发现 37 个相关项目
2/2 检查关注仓库...
   关注仓库 3 个

✅ 报告已生成: /root/.openclaw/workspace/.learnings/tech_research/tech_intel_2026-05-18.md
   共 37 个相关项目
==================================================
主动技术研究扫描 2026-05-19 04:00
==================================================
1/2 扫描 GitHub Trending...
   发现 38 个相关项目
2/2 检查关注仓库...
   关注仓库 3 个

✅ 报告已生成: /root/.openclaw/workspace/.learnings/tech_research/tech_intel_2026-05-19.md
   共 38 个相关项目
==================================================
主动技术研究扫描 2026-05-20 04:00
==================================================
1/2 扫描 GitHub Trending...
   发现 34 个相关项目
2/2 检查关注仓库...
   关注仓库 3 个

✅ 报告已生成: /root/.openclaw/workspace/.learnings/tech_research/tech_intel_2026-05-20.md
   共 34 个相关项目
==================================================
主动技术研究扫描 2026-05-21 04:00
==================================================
1/2 扫描 GitHub Trending...
   发现 36 个相关项目
2/2 检查关注仓库...
   关注仓库 3 个

✅ 报告已生成: /root/.openclaw/workspace/.learnings/tech_research/tech_intel_2026-05-21.md
   共 36 个相关项目
==================================================
主动技术研究扫描 2026-05-22 04:00
==================================================
1/2 扫描 GitHub Trending...
   发现 38 个相关项目
2/2 检查关注仓库...
   关注仓库 3 个

✅ 报告已生成: /root/.openclaw/workspace/.learnings/tech_research/tech_intel_2026-05-22.md
   共 38 个相关项目
