📊 猎手系统 | 开盘提醒 | 2026-05-07 09:30:04

【大盘指数】
  🔼 上证指数: 4168.45 (+0.20%) 高4168.45 低4168.45
  🔼 深证成指: 15540.51 (+0.52%) 高15541.3 低15540.51
  🔼 创业板指: 3808.26 (+0.80%) 高3808.26 低3807.99
  🔼 沪深300: 4895.8 (+0.38%) 高4895.8 低4895.8
  🔼 上证50: 3034.98 (+0.28%) 高3034.98 低3034.98
  🔼 中证 500: 8637.84 (+0.58%) 高8637.84 低8637.84

【市场广度】 上涨指: 6 下跌指: 0 均幅: +0.46%

【近期走势】 上证: ['2026-04-28', '2026-04-29', '2026-04-30', '2026-05-06', '2026-05-07']

【⚠️ 预警】
  🔴 高危 价涨量缩 — 上涨缺乏资金支撑
    → 今日价格4168.45(+0.20%)，但成交量仅均量的2%，主力未参与，上涨难持续

━━━━ 🔴 市场风险偏高，谨慎操作 ━━━━

========================================
[run_scan] 调用 auto_trade 执行交易...

==================================================
【时间校验】 2026-05-07 周四 09:30
是否交易日：交易日
交易时段：是
==================================================
[09:30:04] 选股扫描开始...
  初筛候选: 0只
  ⚠️ 行情接口无数据
[微信通知已推送] 📊 【猎手持仓】09:30
🟢 中信证券 @27.63 (+1.66%)
   止损26.8 | 止盈28.5
🟢 稀土ETF @1.349 (+0.00%)
   止损1.28 | 止盈1.46
🟢 洲明科技 @6.43 (+1.26%)
   止损5.8 | 止盈9.5

现金：¥87,054
总市值：¥186,537
今日浮盈亏：¥1,231

========== 自动交易检测结果 ==========
市场温度: 65℃ (放量+10.1%)
主力流入: 是
熔断状态: 正常
今日买入: 0/3次
可建仓: 是 - 市场回暖(温度65℃ + 放量+10.1%)
信号: 无
现金: ¥87,054.00 | 持仓: 3只
=========================================

📊 猎手系统 | 盘中推演 | 2026-05-07 10:00:03

【大盘指数】
  🔼 上证指数: 4165.45 (+0.13%) 高4171.22 低4163.98
  🔽 深证成指: 15456.81 (-0.02%) 高15541.3 低15439.48
  🔽 创业板指: 3777.65 (-0.01%) 高3808.26 低3774.86
  🔽 沪深300: 4872.88 (-0.09%) 高4895.8 低4869.82
  🔼 上证50: 3032.98 (+0.22%) 高3040.4 低3031.03
  🔼 中证 500: 8609.08 (+0.24%) 高8638.22 低8599.14

【市场广度】 上涨指: 3 下跌指: 3 均幅: +0.08%

【近期走势】 上证: ['2026-04-28', '2026-04-29', '2026-04-30', '2026-05-06', '2026-05-07']

【⚠️ 预警】
  🔴 高危 价涨量缩 — 上涨缺乏资金支撑
    → 今日价格4165.45(+0.13%)，但成交量仅均量的41%，主力未参与，上涨难持续

━━━━ 🔴 市场风险偏高，谨慎操作 ━━━━

========================================
[run_scan] 调用 auto_trade 执行交易...

==================================================
【时间校验】 2026-05-07 周四 10:00
是否交易日：交易日
交易时段：是
==================================================
[微信通知已推送] 📊 【猎手持仓】10:00
🔴 中信证券 @27.17 (-0.04%)
   止损26.8 | 止盈28.5
🟢 稀土ETF @1.349 (+0.00%)
   止损1.28 | 止盈1.46
🟢 洲明科技 @6.48 (+2.05%)
   止损5.8 | 止盈9.5

现金：¥87,054
总市值：¥187,084
今日浮盈亏：¥1,778

========== 自动交易检测结果 ==========
市场温度: 50℃ (放量+0.3%)
主力流入: 否
熔断状态: 正常
今日买入: 0/3次
可建仓: 否 - 市场偏冷(温度50℃)或放量不足
信号: 无
现金: ¥87,054.00 | 持仓: 3只
=========================================

📊 猎手系统 | 开盘提醒 | 2026-05-08 09:30:05

【大盘指数】
  🔽 上证指数: 4164.73 (-0.37%) 高4164.73 低4163.85
  🔽 深证成指: 15516.53 (-0.80%) 高15520.38 低15516.53
  🔽 创业板指: 3792.04 (-1.07%) 高3792.04 低3792.04
  🔽 沪深300: 4871.5 (-0.59%) 高4871.5 低4871.12
  🔽 上证50: 3015.41 (-0.45%) 高3015.41 低3014.47
  🔽 中证 500: 8638.84 (-0.67%) 高8638.84 低8638.84

【市场广度】 上涨指: 0 下跌指: 6 均幅: -0.66%

【近期走势】 上证: ['2026-04-29', '2026-04-30', '2026-05-06', '2026-05-07', '2026-05-08']

━━━━ 🟢 市场正常，可伺机而动 ━━━━

========================================
[run_scan] 调用 auto_trade 执行交易...

==================================================
【时间校验】 2026-05-08 周五 09:30
是否交易日：交易日
交易时段：是
==================================================
[微信通知已推送] 📊 【猎手持仓】09:30
🔴 中信证券 @27.1 (-0.29%)
   止损26.8 | 止盈28.5
🟢 稀土ETF @1.349 (+0.00%)
   止损1.28 | 止盈1.46
🟢 洲明科技 @6.45 (+1.57%)
   止损5.8 | 止盈9.5

现金：¥87,054
总市值：¥186,652
今日浮盈亏：¥1,346

========== 自动交易检测结果 ==========
市场温度: 35℃ (放量-14.9%)
主力流入: 否
熔断状态: 正常
今日买入: 0/3次
可建仓: 否 - 市场偏冷(温度35℃)或放量不足
信号: 无
现金: ¥87,054.00 | 持仓: 3只
=========================================

📊 猎手系统 | 盘中推演 | 2026-05-08 10:00:02

【大盘指数】
  🔽 上证指数: 4175.93 (-0.10%) 高4176.44 低4161.79
  🔽 深证成指: 15630.89 (-0.07%) 高15639.39 低15508.95
  🔼 创业板指: 3833.35 (+0.01%) 高3840.16 低3791.88
  🔽 沪深300: 4885.73 (-0.30%) 高4887.21 低4868.81
  🔽 上证50: 3009.32 (-0.66%) 高3015.41 低3001.02
  🔼 中证 500: 8699.42 (+0.03%) 高8706.33 低8634.74

【市场广度】 上涨指: 2 下跌指: 4 均幅: -0.18%

【近期走势】 上证: ['2026-04-29', '2026-04-30', '2026-05-06', '2026-05-07', '2026-05-08']

━━━━ 🟢 市场正常，可伺机而动 ━━━━

========================================
[run_scan] 调用 auto_trade 执行交易...

==================================================
【时间校验】 2026-05-08 周五 10:00
是否交易日：交易日
交易时段：是
==================================================
[微信通知已推送] 📊 【猎手持仓】10:00
🔴 中信证券 @27.1 (-0.29%)
   止损26.8 | 止盈28.5
🟢 稀土ETF @1.349 (+0.00%)
   止损1.28 | 止盈1.46
🟢 洲明科技 @6.49 (+2.20%)
   止损5.8 | 止盈9.5

现金：¥87,054
总市值：¥187,200
今日浮盈亏：¥1,894

========== 自动交易检测结果 ==========
市场温度: 50℃ (放量-1.0%)
主力流入: 否
熔断状态: 正常
今日买入: 0/3次
可建仓: 否 - 市场偏冷(温度50℃)或放量不足
信号: 无
现金: ¥87,054.00 | 持仓: 3只
=========================================

