✅ 使用数据获取模块 v2 (腾讯API)
============================================================
🚀 启动进化交易每日周期
============================================================
🔧 初始化进化交易系统...
📊 更新行情数据...
开始更新 17 只股票数据...
[10/17] 已更新 10 只股票
数据更新完成，成功更新 17/17 只股票
🧬 初始化策略池...
  从文件加载 20 个策略
  使用 15 只股票进行策略测试
✅ 初始化完成

📈 开始策略评估...
✅ 策略评估完成，共测试 20 个策略

🧬 执行策略进化...
🏆 当前最优策略:
  适应度: 361.9151
  收益率: 4724.41%
  夏普比率: 7.58
  最大回撤: -1.06%
  胜率: 43.91%
  交易次数: 11.0
✅ 进化完成，淘汰弱策略，生成新策略

📋 生成进化日报...
✅ 日报生成完成

============================================================
✅ 每日周期完成
============================================================

🔬 进化交易系统日报
日期: 2026-04-27 15:40:28
========================================
📈 市场表现: 2.71%
🧬 策略池: 20 个策略

🏆 今日最优策略:
  适应度: 361.9151
  收益率: 4724.41%
  夏普比率: 7.58
  最大回撤: -1.06%
  胜率: 43.91%
  交易次数: 11.0

📊 策略排名（前5）:
  1. 适应度:361.915 收益:4724.41% 夏普:7.58
  2. 适应度:332.140 收益:4328.57% 夏普:7.58
  3. 适应度:332.140 收益:4328.57% 夏普:7.58
  4. 适应度:0.000 收益:0.00% 夏普:0.00
  5. 适应度:0.000 收益:0.00% 夏普:0.00

🔄 进化统计:
  保留精英策略: 3
  新生策略: 17

📅 明日计划:
  - 启用最优策略进行模拟交易
  - 继续监控策略表现
  - 收盘后进行下一轮进化
